INFO - 2023-11-14 07:10:32 --> Session: Class initialized using 'CodeIgniter\Session\Handlers\FileHandler' driver.
INFO - 2023-11-14 07:10:35 --> Session: Class initialized using 'CodeIgniter\Session\Handlers\FileHandler' driver.
INFO - 2023-11-14 07:10:36 --> Session: Class initialized using 'CodeIgniter\Session\Handlers\FileHandler' driver.
INFO - 2023-11-14 07:10:36 --> Session: Class initialized using 'CodeIgniter\Session\Handlers\FileHandler' driver.
INFO - 2023-11-14 07:10:36 --> Session: Class initialized using 'CodeIgniter\Session\Handlers\FileHandler' driver.
INFO - 2023-11-14 07:10:37 --> Session: Class initialized using 'CodeIgniter\Session\Handlers\FileHandler' driver.
INFO - 2023-11-14 07:10:37 --> Session: Class initialized using 'CodeIgniter\Session\Handlers\FileHandler' driver.
INFO - 2023-11-14 07:10:37 --> Session: Class initialized using 'CodeIgniter\Session\Handlers\FileHandler' driver.
INFO - 2023-11-14 07:10:37 --> Session: Class initialized using 'CodeIgniter\Session\Handlers\FileHandler' driver.
INFO - 2023-11-14 07:10:39 --> Session: Class initialized using 'CodeIgniter\Session\Handlers\FileHandler' driver.
INFO - 2023-11-14 07:11:52 --> Session: Class initialized using 'CodeIgniter\Session\Handlers\FileHandler' driver.
INFO - 2023-11-14 07:11:52 --> Session: Class initialized using 'CodeIgniter\Session\Handlers\FileHandler' driver.
INFO - 2023-11-14 07:11:53 --> Session: Class initialized using 'CodeIgniter\Session\Handlers\FileHandler' driver.
INFO - 2023-11-14 07:11:53 --> Session: Class initialized using 'CodeIgniter\Session\Handlers\FileHandler' driver.
INFO - 2023-11-14 07:11:54 --> Session: Class initialized using 'CodeIgniter\Session\Handlers\FileHandler' driver.
INFO - 2023-11-14 07:11:54 --> Session: Class initialized using 'CodeIgniter\Session\Handlers\FileHandler' driver.
INFO - 2023-11-14 07:11:54 --> Session: Class initialized using 'CodeIgniter\Session\Handlers\FileHandler' driver.
INFO - 2023-11-14 07:11:55 --> Session: Class initialized using 'CodeIgniter\Session\Handlers\FileHandler' driver.
INFO - 2023-11-14 07:11:55 --> Session: Class initialized using 'CodeIgniter\Session\Handlers\FileHandler' driver.
INFO - 2023-11-14 07:11:55 --> Session: Class initialized using 'CodeIgniter\Session\Handlers\FileHandler' driver.
INFO - 2023-11-14 08:01:38 --> Session: Class initialized using 'CodeIgniter\Session\Handlers\FileHandler' driver.
INFO - 2023-11-14 08:37:18 --> Session: Class initialized using 'CodeIgniter\Session\Handlers\FileHandler' driver.
INFO - 2023-11-14 08:37:19 --> Session: Class initialized using 'CodeIgniter\Session\Handlers\FileHandler' driver.
INFO - 2023-11-14 08:37:19 --> Session: Class initialized using 'CodeIgniter\Session\Handlers\FileHandler' driver.
INFO - 2023-11-14 08:37:20 --> Session: Class initialized using 'CodeIgniter\Session\Handlers\FileHandler' driver.
INFO - 2023-11-14 08:37:20 --> Session: Class initialized using 'CodeIgniter\Session\Handlers\FileHandler' driver.
INFO - 2023-11-14 08:37:21 --> Session: Class initialized using 'CodeIgniter\Session\Handlers\FileHandler' driver.
INFO - 2023-11-14 08:37:21 --> Session: Class initialized using 'CodeIgniter\Session\Handlers\FileHandler' driver.
INFO - 2023-11-14 08:37:22 --> Session: Class initialized using 'CodeIgniter\Session\Handlers\FileHandler' driver.
INFO - 2023-11-14 08:37:22 --> Session: Class initialized using 'CodeIgniter\Session\Handlers\FileHandler' driver.
INFO - 2023-11-14 08:37:23 --> Session: Class initialized using 'CodeIgniter\Session\Handlers\FileHandler' driver.
INFO - 2023-11-14 08:37:23 --> Session: Class initialized using 'CodeIgniter\Session\Handlers\FileHandler' driver.
INFO - 2023-11-14 08:37:24 --> Session: Class initialized using 'CodeIgniter\Session\Handlers\FileHandler' driver.
INFO - 2023-11-14 08:37:24 --> Session: Class initialized using 'CodeIgniter\Session\Handlers\FileHandler' driver.
INFO - 2023-11-14 08:37:25 --> Session: Class initialized using 'CodeIgniter\Session\Handlers\FileHandler' driver.
INFO - 2023-11-14 08:37:25 --> Session: Class initialized using 'CodeIgniter\Session\Handlers\FileHandler' driver.
INFO - 2023-11-14 08:37:26 --> Session: Class initialized using 'CodeIgniter\Session\Handlers\FileHandler' driver.
INFO - 2023-11-14 08:37:26 --> Session: Class initialized using 'CodeIgniter\Session\Handlers\FileHandler' driver.
INFO - 2023-11-14 08:37:27 --> Session: Class initialized using 'CodeIgniter\Session\Handlers\FileHandler' driver.
INFO - 2023-11-14 08:37:27 --> Session: Class initialized using 'CodeIgniter\Session\Handlers\FileHandler' driver.
INFO - 2023-11-14 08:37:28 --> Session: Class initialized using 'CodeIgniter\Session\Handlers\FileHandler' driver.
INFO - 2023-11-14 08:37:28 --> Session: Class initialized using 'CodeIgniter\Session\Handlers\FileHandler' driver.
INFO - 2023-11-14 08:37:28 --> Session: Class initialized using 'CodeIgniter\Session\Handlers\FileHandler' driver.
INFO - 2023-11-14 08:37:29 --> Session: Class initialized using 'CodeIgniter\Session\Handlers\FileHandler' driver.
INFO - 2023-11-14 15:46:46 --> Session: Class initialized using 'CodeIgniter\Session\Handlers\FileHandler' driver.
INFO - 2023-11-14 15:46:49 --> Session: Class initialized using 'CodeIgniter\Session\Handlers\FileHandler' driver.
INFO - 2023-11-14 15:46:49 --> Session: Class initialized using 'CodeIgniter\Session\Handlers\FileHandler' driver.
INFO - 2023-11-14 15:46:50 --> Session: Class initialized using 'CodeIgniter\Session\Handlers\FileHandler' driver.
INFO - 2023-11-14 15:46:50 --> Session: Class initialized using 'CodeIgniter\Session\Handlers\FileHandler' driver.
INFO - 2023-11-14 15:46:51 --> Session: Class initialized using 'CodeIgniter\Session\Handlers\FileHandler' driver.
INFO - 2023-11-14 15:46:52 --> Session: Class initialized using 'CodeIgniter\Session\Handlers\FileHandler' driver.
INFO - 2023-11-14 15:46:53 --> Session: Class initialized using 'CodeIgniter\Session\Handlers\FileHandler' driver.
INFO - 2023-11-14 15:46:54 --> Session: Class initialized using 'CodeIgniter\Session\Handlers\FileHandler' driver.
INFO - 2023-11-14 15:47:30 --> Session: Class initialized using 'CodeIgniter\Session\Handlers\FileHandler' driver.
INFO - 2023-11-14 15:47:30 --> Session: Class initialized using 'CodeIgniter\Session\Handlers\FileHandler' driver.
INFO - 2023-11-14 15:47:38 --> Session: Class initialized using 'CodeIgniter\Session\Handlers\FileHandler' driver.
CRITICAL - 2023-11-14 22:47:38 --> Trying to access array offset on value of type null
in APPPATH\Controllers\MyController.php on line 98.
 1 APPPATH\Controllers\MyController.php(98): CodeIgniter\Debug\Exceptions->errorHandler(2, 'Trying to access array offset on value of type null', 'C:\\xampp\\htdocs\\adminLTEv2\\app\\Controllers\\MyController.php', 98)
 2 APPPATH\Controllers\Module.php(9): App\Controllers\MyController->__construct()
 3 SYSTEMPATH\CodeIgniter.php(914): App\Controllers\Module->__construct()
 4 SYSTEMPATH\CodeIgniter.php(493): CodeIgniter\CodeIgniter->createController()
 5 SYSTEMPATH\CodeIgniter.php(361): CodeIgniter\CodeIgniter->handleRequest(null, Object(Config\Cache), false)
 6 FCPATH\index.php(79): CodeIgniter\CodeIgniter->run()
INFO - 2023-11-14 15:49:14 --> Session: Class initialized using 'CodeIgniter\Session\Handlers\FileHandler' driver.
INFO - 2023-11-14 15:49:16 --> Session: Class initialized using 'CodeIgniter\Session\Handlers\FileHandler' driver.
INFO - 2023-11-14 15:49:21 --> Session: Class initialized using 'CodeIgniter\Session\Handlers\FileHandler' driver.
INFO - 2023-11-14 15:49:21 --> Session: Class initialized using 'CodeIgniter\Session\Handlers\FileHandler' driver.
INFO - 2023-11-14 15:49:22 --> Session: Class initialized using 'CodeIgniter\Session\Handlers\FileHandler' driver.
INFO - 2023-11-14 15:49:49 --> Session: Class initialized using 'CodeIgniter\Session\Handlers\FileHandler' driver.
INFO - 2023-11-14 15:49:51 --> Session: Class initialized using 'CodeIgniter\Session\Handlers\FileHandler' driver.
INFO - 2023-11-14 15:49:51 --> Session: Class initialized using 'CodeIgniter\Session\Handlers\FileHandler' driver.
INFO - 2023-11-14 15:50:37 --> Session: Class initialized using 'CodeIgniter\Session\Handlers\FileHandler' driver.
INFO - 2023-11-14 15:50:38 --> Session: Class initialized using 'CodeIgniter\Session\Handlers\FileHandler' driver.
INFO - 2023-11-14 15:51:18 --> Session: Class initialized using 'CodeIgniter\Session\Handlers\FileHandler' driver.
INFO - 2023-11-14 15:51:18 --> Session: Class initialized using 'CodeIgniter\Session\Handlers\FileHandler' driver.
INFO - 2023-11-14 15:51:19 --> Session: Class initialized using 'CodeIgniter\Session\Handlers\FileHandler' driver.
INFO - 2023-11-14 15:51:20 --> Session: Class initialized using 'CodeIgniter\Session\Handlers\FileHandler' driver.
INFO - 2023-11-14 15:51:21 --> Session: Class initialized using 'CodeIgniter\Session\Handlers\FileHandler' driver.
INFO - 2023-11-14 15:51:22 --> Session: Class initialized using 'CodeIgniter\Session\Handlers\FileHandler' driver.
INFO - 2023-11-14 15:51:53 --> Session: Class initialized using 'CodeIgniter\Session\Handlers\FileHandler' driver.
INFO - 2023-11-14 15:52:38 --> Session: Class initialized using 'CodeIgniter\Session\Handlers\FileHandler' driver.
INFO - 2023-11-14 15:52:40 --> Session: Class initialized using 'CodeIgniter\Session\Handlers\FileHandler' driver.
INFO - 2023-11-14 15:52:41 --> Session: Class initialized using 'CodeIgniter\Session\Handlers\FileHandler' driver.
INFO - 2023-11-14 15:52:41 --> Session: Class initialized using 'CodeIgniter\Session\Handlers\FileHandler' driver.
INFO - 2023-11-14 15:52:41 --> Session: Class initialized using 'CodeIgniter\Session\Handlers\FileHandler' driver.
INFO - 2023-11-14 15:52:42 --> Session: Class initialized using 'CodeIgniter\Session\Handlers\FileHandler' driver.
INFO - 2023-11-14 15:52:43 --> Session: Class initialized using 'CodeIgniter\Session\Handlers\FileHandler' driver.
INFO - 2023-11-14 15:53:07 --> Session: Class initialized using 'CodeIgniter\Session\Handlers\FileHandler' driver.
INFO - 2023-11-14 15:53:08 --> Session: Class initialized using 'CodeIgniter\Session\Handlers\FileHandler' driver.
INFO - 2023-11-14 15:53:09 --> Session: Class initialized using 'CodeIgniter\Session\Handlers\FileHandler' driver.
INFO - 2023-11-14 15:53:09 --> Session: Class initialized using 'CodeIgniter\Session\Handlers\FileHandler' driver.
INFO - 2023-11-14 15:53:10 --> Session: Class initialized using 'CodeIgniter\Session\Handlers\FileHandler' driver.
INFO - 2023-11-14 15:53:10 --> Session: Class initialized using 'CodeIgniter\Session\Handlers\FileHandler' driver.
INFO - 2023-11-14 15:57:14 --> Session: Class initialized using 'CodeIgniter\Session\Handlers\FileHandler' driver.
INFO - 2023-11-14 15:57:18 --> Session: Class initialized using 'CodeIgniter\Session\Handlers\FileHandler' driver.
INFO - 2023-11-14 15:57:20 --> Session: Class initialized using 'CodeIgniter\Session\Handlers\FileHandler' driver.
INFO - 2023-11-14 15:57:20 --> Session: Class initialized using 'CodeIgniter\Session\Handlers\FileHandler' driver.
INFO - 2023-11-14 15:57:44 --> Session: Class initialized using 'CodeIgniter\Session\Handlers\FileHandler' driver.
INFO - 2023-11-14 15:57:44 --> Session: Class initialized using 'CodeIgniter\Session\Handlers\FileHandler' driver.
INFO - 2023-11-14 15:57:46 --> Session: Class initialized using 'CodeIgniter\Session\Handlers\FileHandler' driver.
INFO - 2023-11-14 15:57:46 --> Session: Class initialized using 'CodeIgniter\Session\Handlers\FileHandler' driver.
INFO - 2023-11-14 15:57:47 --> Session: Class initialized using 'CodeIgniter\Session\Handlers\FileHandler' driver.
INFO - 2023-11-14 15:57:47 --> Session: Class initialized using 'CodeIgniter\Session\Handlers\FileHandler' driver.
INFO - 2023-11-14 15:57:48 --> Session: Class initialized using 'CodeIgniter\Session\Handlers\FileHandler' driver.
INFO - 2023-11-14 15:57:48 --> Session: Class initialized using 'CodeIgniter\Session\Handlers\FileHandler' driver.
INFO - 2023-11-14 15:57:49 --> Session: Class initialized using 'CodeIgniter\Session\Handlers\FileHandler' driver.
INFO - 2023-11-14 15:57:50 --> Session: Class initialized using 'CodeIgniter\Session\Handlers\FileHandler' driver.
INFO - 2023-11-14 15:57:50 --> Session: Class initialized using 'CodeIgniter\Session\Handlers\FileHandler' driver.
INFO - 2023-11-14 15:57:51 --> Session: Class initialized using 'CodeIgniter\Session\Handlers\FileHandler' driver.
INFO - 2023-11-14 15:59:02 --> Session: Class initialized using 'CodeIgniter\Session\Handlers\FileHandler' driver.
INFO - 2023-11-14 15:59:03 --> Session: Class initialized using 'CodeIgniter\Session\Handlers\FileHandler' driver.
INFO - 2023-11-14 15:59:04 --> Session: Class initialized using 'CodeIgniter\Session\Handlers\FileHandler' driver.
CRITICAL - 2023-11-14 22:59:04 --> Trying to access array offset on value of type null
in APPPATH\Controllers\MyController.php on line 98.
 1 APPPATH\Controllers\MyController.php(98): CodeIgniter\Debug\Exceptions->errorHandler(2, 'Trying to access array offset on value of type null', 'C:\\xampp\\htdocs\\adminLTEv2\\app\\Controllers\\MyController.php', 98)
 2 APPPATH\Controllers\Module_permission.php(12): App\Controllers\MyController->__construct()
 3 SYSTEMPATH\CodeIgniter.php(914): App\Controllers\Module_permission->__construct()
 4 SYSTEMPATH\CodeIgniter.php(493): CodeIgniter\CodeIgniter->createController()
 5 SYSTEMPATH\CodeIgniter.php(361): CodeIgniter\CodeIgniter->handleRequest(null, Object(Config\Cache), false)
 6 FCPATH\index.php(79): CodeIgniter\CodeIgniter->run()
INFO - 2023-11-14 15:59:33 --> Session: Class initialized using 'CodeIgniter\Session\Handlers\FileHandler' driver.
CRITICAL - 2023-11-14 22:59:33 --> Trying to access array offset on value of type null
in APPPATH\Controllers\MyController.php on line 98.
 1 APPPATH\Controllers\MyController.php(98): CodeIgniter\Debug\Exceptions->errorHandler(2, 'Trying to access array offset on value of type null', 'C:\\xampp\\htdocs\\adminLTEv2\\app\\Controllers\\MyController.php', 98)
 2 APPPATH\Controllers\Module_permission.php(12): App\Controllers\MyController->__construct()
 3 SYSTEMPATH\CodeIgniter.php(914): App\Controllers\Module_permission->__construct()
 4 SYSTEMPATH\CodeIgniter.php(493): CodeIgniter\CodeIgniter->createController()
 5 SYSTEMPATH\CodeIgniter.php(361): CodeIgniter\CodeIgniter->handleRequest(null, Object(Config\Cache), false)
 6 FCPATH\index.php(79): CodeIgniter\CodeIgniter->run()
INFO - 2023-11-14 16:00:15 --> Session: Class initialized using 'CodeIgniter\Session\Handlers\FileHandler' driver.
CRITICAL - 2023-11-14 23:00:15 --> Trying to access array offset on value of type null
in APPPATH\Controllers\MyController.php on line 98.
 1 APPPATH\Controllers\MyController.php(98): CodeIgniter\Debug\Exceptions->errorHandler(2, 'Trying to access array offset on value of type null', 'C:\\xampp\\htdocs\\adminLTEv2\\app\\Controllers\\MyController.php', 98)
 2 APPPATH\Controllers\Module_permission.php(12): App\Controllers\MyController->__construct()
 3 SYSTEMPATH\CodeIgniter.php(914): App\Controllers\Module_permission->__construct()
 4 SYSTEMPATH\CodeIgniter.php(493): CodeIgniter\CodeIgniter->createController()
 5 SYSTEMPATH\CodeIgniter.php(361): CodeIgniter\CodeIgniter->handleRequest(null, Object(Config\Cache), false)
 6 FCPATH\index.php(79): CodeIgniter\CodeIgniter->run()
INFO - 2023-11-14 16:00:16 --> Session: Class initialized using 'CodeIgniter\Session\Handlers\FileHandler' driver.
CRITICAL - 2023-11-14 23:00:16 --> Trying to access array offset on value of type null
in APPPATH\Controllers\MyController.php on line 98.
 1 APPPATH\Controllers\MyController.php(98): CodeIgniter\Debug\Exceptions->errorHandler(2, 'Trying to access array offset on value of type null', 'C:\\xampp\\htdocs\\adminLTEv2\\app\\Controllers\\MyController.php', 98)
 2 APPPATH\Controllers\Module_permission.php(12): App\Controllers\MyController->__construct()
 3 SYSTEMPATH\CodeIgniter.php(914): App\Controllers\Module_permission->__construct()
 4 SYSTEMPATH\CodeIgniter.php(493): CodeIgniter\CodeIgniter->createController()
 5 SYSTEMPATH\CodeIgniter.php(361): CodeIgniter\CodeIgniter->handleRequest(null, Object(Config\Cache), false)
 6 FCPATH\index.php(79): CodeIgniter\CodeIgniter->run()
INFO - 2023-11-14 16:00:52 --> Session: Class initialized using 'CodeIgniter\Session\Handlers\FileHandler' driver.
ERROR - 2023-11-14 23:00:52 --> mysqli_sql_exception: Table 'adminltev2-ci4.module_permission' doesn't exist in C:\xampp\htdocs\adminLTEv2\system\Database\MySQLi\Connection.php:306
Stack trace:
#0 C:\xampp\htdocs\adminLTEv2\system\Database\MySQLi\Connection.php(306): mysqli->query('SELECT module_p...', 0)
#1 C:\xampp\htdocs\adminLTEv2\system\Database\BaseConnection.php(693): CodeIgniter\Database\MySQLi\Connection->execute('SELECT module_p...')
#2 C:\xampp\htdocs\adminLTEv2\system\Database\BaseConnection.php(607): CodeIgniter\Database\BaseConnection->simpleQuery('SELECT module_p...')
#3 C:\xampp\htdocs\adminLTEv2\app\Models\ModulePermissionModel.php(19): CodeIgniter\Database\BaseConnection->query('SELECT module_p...')
#4 C:\xampp\htdocs\adminLTEv2\app\Controllers\Module_permission.php(95): App\Models\ModulePermissionModel->getModuleByModulePermission()
#5 C:\xampp\htdocs\adminLTEv2\system\CodeIgniter.php(942): App\Controllers\Module_permission->index()
#6 C:\xampp\htdocs\adminLTEv2\system\CodeIgniter.php(502): CodeIgniter\CodeIgniter->runController(Object(App\Controllers\Module_permission))
#7 C:\xampp\htdocs\adminLTEv2\system\CodeIgniter.php(361): CodeIgniter\CodeIgniter->handleRequest(NULL, Object(Config\Cache), false)
#8 C:\xampp\htdocs\adminLTEv2\index.php(79): CodeIgniter\CodeIgniter->run()
#9 {main}
CRITICAL - 2023-11-14 23:00:52 --> Table 'adminltev2-ci4.module_permission' doesn't exist
in SYSTEMPATH\Database\BaseConnection.php on line 647.
 1 APPPATH\Models\ModulePermissionModel.php(19): CodeIgniter\Database\BaseConnection->query('SELECT module_permission.id_module,module.judul_module FROM module_permission JOIN module ON module_permission.id_module = module.id_module GROUP BY module.nama_module')
 2 APPPATH\Controllers\Module_permission.php(95): App\Models\ModulePermissionModel->getModuleByModulePermission()
 3 SYSTEMPATH\CodeIgniter.php(942): App\Controllers\Module_permission->index()
 4 SYSTEMPATH\CodeIgniter.php(502): CodeIgniter\CodeIgniter->runController(Object(App\Controllers\Module_permission))
 5 SYSTEMPATH\CodeIgniter.php(361): CodeIgniter\CodeIgniter->handleRequest(null, Object(Config\Cache), false)
 6 FCPATH\index.php(79): CodeIgniter\CodeIgniter->run()
INFO - 2023-11-14 16:01:36 --> Session: Class initialized using 'CodeIgniter\Session\Handlers\FileHandler' driver.
ERROR - 2023-11-14 23:01:36 --> mysqli_sql_exception: Table 'adminltev2-ci4.module_permission' doesn't exist in C:\xampp\htdocs\adminLTEv2\system\Database\MySQLi\Connection.php:306
Stack trace:
#0 C:\xampp\htdocs\adminLTEv2\system\Database\MySQLi\Connection.php(306): mysqli->query('SELECT module_p...', 0)
#1 C:\xampp\htdocs\adminLTEv2\system\Database\BaseConnection.php(693): CodeIgniter\Database\MySQLi\Connection->execute('SELECT module_p...')
#2 C:\xampp\htdocs\adminLTEv2\system\Database\BaseConnection.php(607): CodeIgniter\Database\BaseConnection->simpleQuery('SELECT module_p...')
#3 C:\xampp\htdocs\adminLTEv2\app\Models\ModulePermissionModel.php(19): CodeIgniter\Database\BaseConnection->query('SELECT module_p...')
#4 C:\xampp\htdocs\adminLTEv2\app\Controllers\Module_permission.php(95): App\Models\ModulePermissionModel->getModuleByModulePermission()
#5 C:\xampp\htdocs\adminLTEv2\system\CodeIgniter.php(942): App\Controllers\Module_permission->index()
#6 C:\xampp\htdocs\adminLTEv2\system\CodeIgniter.php(502): CodeIgniter\CodeIgniter->runController(Object(App\Controllers\Module_permission))
#7 C:\xampp\htdocs\adminLTEv2\system\CodeIgniter.php(361): CodeIgniter\CodeIgniter->handleRequest(NULL, Object(Config\Cache), false)
#8 C:\xampp\htdocs\adminLTEv2\index.php(79): CodeIgniter\CodeIgniter->run()
#9 {main}
CRITICAL - 2023-11-14 23:01:36 --> Table 'adminltev2-ci4.module_permission' doesn't exist
in SYSTEMPATH\Database\BaseConnection.php on line 647.
 1 APPPATH\Models\ModulePermissionModel.php(19): CodeIgniter\Database\BaseConnection->query('SELECT module_permission.id_module,module.judul_module FROM module_permission JOIN module ON module_permission.id_module = module.id_module GROUP BY module.nama_module')
 2 APPPATH\Controllers\Module_permission.php(95): App\Models\ModulePermissionModel->getModuleByModulePermission()
 3 SYSTEMPATH\CodeIgniter.php(942): App\Controllers\Module_permission->index()
 4 SYSTEMPATH\CodeIgniter.php(502): CodeIgniter\CodeIgniter->runController(Object(App\Controllers\Module_permission))
 5 SYSTEMPATH\CodeIgniter.php(361): CodeIgniter\CodeIgniter->handleRequest(null, Object(Config\Cache), false)
 6 FCPATH\index.php(79): CodeIgniter\CodeIgniter->run()
INFO - 2023-11-14 16:02:05 --> Session: Class initialized using 'CodeIgniter\Session\Handlers\FileHandler' driver.
ERROR - 2023-11-14 23:02:05 --> mysqli_sql_exception: Table 'adminltev2-ci4.module_permission' doesn't exist in C:\xampp\htdocs\adminLTEv2\system\Database\MySQLi\Connection.php:306
Stack trace:
#0 C:\xampp\htdocs\adminLTEv2\system\Database\MySQLi\Connection.php(306): mysqli->query('SELECT module_p...', 0)
#1 C:\xampp\htdocs\adminLTEv2\system\Database\BaseConnection.php(693): CodeIgniter\Database\MySQLi\Connection->execute('SELECT module_p...')
#2 C:\xampp\htdocs\adminLTEv2\system\Database\BaseConnection.php(607): CodeIgniter\Database\BaseConnection->simpleQuery('SELECT module_p...')
#3 C:\xampp\htdocs\adminLTEv2\app\Models\ModulePermissionModel.php(19): CodeIgniter\Database\BaseConnection->query('SELECT module_p...')
#4 C:\xampp\htdocs\adminLTEv2\app\Controllers\Module_permission.php(95): App\Models\ModulePermissionModel->getModuleByModulePermission()
#5 C:\xampp\htdocs\adminLTEv2\system\CodeIgniter.php(942): App\Controllers\Module_permission->index()
#6 C:\xampp\htdocs\adminLTEv2\system\CodeIgniter.php(502): CodeIgniter\CodeIgniter->runController(Object(App\Controllers\Module_permission))
#7 C:\xampp\htdocs\adminLTEv2\system\CodeIgniter.php(361): CodeIgniter\CodeIgniter->handleRequest(NULL, Object(Config\Cache), false)
#8 C:\xampp\htdocs\adminLTEv2\index.php(79): CodeIgniter\CodeIgniter->run()
#9 {main}
CRITICAL - 2023-11-14 23:02:05 --> Table 'adminltev2-ci4.module_permission' doesn't exist
in SYSTEMPATH\Database\BaseConnection.php on line 647.
 1 APPPATH\Models\ModulePermissionModel.php(19): CodeIgniter\Database\BaseConnection->query('SELECT module_permission.id_module,module.judul_module FROM module_permission JOIN module ON module_permission.id_module = module.id_module GROUP BY module.nama_module')
 2 APPPATH\Controllers\Module_permission.php(95): App\Models\ModulePermissionModel->getModuleByModulePermission()
 3 SYSTEMPATH\CodeIgniter.php(942): App\Controllers\Module_permission->index()
 4 SYSTEMPATH\CodeIgniter.php(502): CodeIgniter\CodeIgniter->runController(Object(App\Controllers\Module_permission))
 5 SYSTEMPATH\CodeIgniter.php(361): CodeIgniter\CodeIgniter->handleRequest(null, Object(Config\Cache), false)
 6 FCPATH\index.php(79): CodeIgniter\CodeIgniter->run()
INFO - 2023-11-14 16:02:22 --> Session: Class initialized using 'CodeIgniter\Session\Handlers\FileHandler' driver.
ERROR - 2023-11-14 23:02:22 --> mysqli_sql_exception: Table 'adminltev2-ci4.module_permission' doesn't exist in C:\xampp\htdocs\adminLTEv2\system\Database\MySQLi\Connection.php:306
Stack trace:
#0 C:\xampp\htdocs\adminLTEv2\system\Database\MySQLi\Connection.php(306): mysqli->query('SELECT module_p...', 0)
#1 C:\xampp\htdocs\adminLTEv2\system\Database\BaseConnection.php(693): CodeIgniter\Database\MySQLi\Connection->execute('SELECT module_p...')
#2 C:\xampp\htdocs\adminLTEv2\system\Database\BaseConnection.php(607): CodeIgniter\Database\BaseConnection->simpleQuery('SELECT module_p...')
#3 C:\xampp\htdocs\adminLTEv2\app\Models\ModulePermissionModel.php(19): CodeIgniter\Database\BaseConnection->query('SELECT module_p...')
#4 C:\xampp\htdocs\adminLTEv2\app\Controllers\Module_permission.php(95): App\Models\ModulePermissionModel->getModuleByModulePermission()
#5 C:\xampp\htdocs\adminLTEv2\system\CodeIgniter.php(942): App\Controllers\Module_permission->index()
#6 C:\xampp\htdocs\adminLTEv2\system\CodeIgniter.php(502): CodeIgniter\CodeIgniter->runController(Object(App\Controllers\Module_permission))
#7 C:\xampp\htdocs\adminLTEv2\system\CodeIgniter.php(361): CodeIgniter\CodeIgniter->handleRequest(NULL, Object(Config\Cache), false)
#8 C:\xampp\htdocs\adminLTEv2\index.php(79): CodeIgniter\CodeIgniter->run()
#9 {main}
CRITICAL - 2023-11-14 23:02:22 --> Table 'adminltev2-ci4.module_permission' doesn't exist
in SYSTEMPATH\Database\BaseConnection.php on line 647.
 1 APPPATH\Models\ModulePermissionModel.php(19): CodeIgniter\Database\BaseConnection->query('SELECT module_permission.id_module,module.judul_module FROM module_permission JOIN module ON module_permission.id_module = module.id_module GROUP BY module.nama_module')
 2 APPPATH\Controllers\Module_permission.php(95): App\Models\ModulePermissionModel->getModuleByModulePermission()
 3 SYSTEMPATH\CodeIgniter.php(942): App\Controllers\Module_permission->index()
 4 SYSTEMPATH\CodeIgniter.php(502): CodeIgniter\CodeIgniter->runController(Object(App\Controllers\Module_permission))
 5 SYSTEMPATH\CodeIgniter.php(361): CodeIgniter\CodeIgniter->handleRequest(null, Object(Config\Cache), false)
 6 FCPATH\index.php(79): CodeIgniter\CodeIgniter->run()
INFO - 2023-11-14 16:02:30 --> Session: Class initialized using 'CodeIgniter\Session\Handlers\FileHandler' driver.
ERROR - 2023-11-14 23:02:30 --> mysqli_sql_exception: Table 'adminltev2-ci4.module_permission' doesn't exist in C:\xampp\htdocs\adminLTEv2\system\Database\MySQLi\Connection.php:306
Stack trace:
#0 C:\xampp\htdocs\adminLTEv2\system\Database\MySQLi\Connection.php(306): mysqli->query('SELECT module_p...', 0)
#1 C:\xampp\htdocs\adminLTEv2\system\Database\BaseConnection.php(693): CodeIgniter\Database\MySQLi\Connection->execute('SELECT module_p...')
#2 C:\xampp\htdocs\adminLTEv2\system\Database\BaseConnection.php(607): CodeIgniter\Database\BaseConnection->simpleQuery('SELECT module_p...')
#3 C:\xampp\htdocs\adminLTEv2\app\Models\ModulePermissionModel.php(19): CodeIgniter\Database\BaseConnection->query('SELECT module_p...')
#4 C:\xampp\htdocs\adminLTEv2\app\Controllers\Module_permission.php(95): App\Models\ModulePermissionModel->getModuleByModulePermission()
#5 C:\xampp\htdocs\adminLTEv2\system\CodeIgniter.php(942): App\Controllers\Module_permission->index()
#6 C:\xampp\htdocs\adminLTEv2\system\CodeIgniter.php(502): CodeIgniter\CodeIgniter->runController(Object(App\Controllers\Module_permission))
#7 C:\xampp\htdocs\adminLTEv2\system\CodeIgniter.php(361): CodeIgniter\CodeIgniter->handleRequest(NULL, Object(Config\Cache), false)
#8 C:\xampp\htdocs\adminLTEv2\index.php(79): CodeIgniter\CodeIgniter->run()
#9 {main}
CRITICAL - 2023-11-14 23:02:30 --> Table 'adminltev2-ci4.module_permission' doesn't exist
in SYSTEMPATH\Database\BaseConnection.php on line 647.
 1 APPPATH\Models\ModulePermissionModel.php(19): CodeIgniter\Database\BaseConnection->query('SELECT module_permission.id_module,module.judul_module FROM module_permission JOIN module ON module_permission.id_module = module.id_module GROUP BY module.nama_module')
 2 APPPATH\Controllers\Module_permission.php(95): App\Models\ModulePermissionModel->getModuleByModulePermission()
 3 SYSTEMPATH\CodeIgniter.php(942): App\Controllers\Module_permission->index()
 4 SYSTEMPATH\CodeIgniter.php(502): CodeIgniter\CodeIgniter->runController(Object(App\Controllers\Module_permission))
 5 SYSTEMPATH\CodeIgniter.php(361): CodeIgniter\CodeIgniter->handleRequest(null, Object(Config\Cache), false)
 6 FCPATH\index.php(79): CodeIgniter\CodeIgniter->run()
INFO - 2023-11-14 16:02:43 --> Session: Class initialized using 'CodeIgniter\Session\Handlers\FileHandler' driver.
ERROR - 2023-11-14 23:02:43 --> mysqli_sql_exception: Table 'adminltev2-ci4.module_permission' doesn't exist in C:\xampp\htdocs\adminLTEv2\system\Database\MySQLi\Connection.php:306
Stack trace:
#0 C:\xampp\htdocs\adminLTEv2\system\Database\MySQLi\Connection.php(306): mysqli->query('SELECT module_p...', 0)
#1 C:\xampp\htdocs\adminLTEv2\system\Database\BaseConnection.php(693): CodeIgniter\Database\MySQLi\Connection->execute('SELECT module_p...')
#2 C:\xampp\htdocs\adminLTEv2\system\Database\BaseConnection.php(607): CodeIgniter\Database\BaseConnection->simpleQuery('SELECT module_p...')
#3 C:\xampp\htdocs\adminLTEv2\app\Models\ModulePermissionModel.php(19): CodeIgniter\Database\BaseConnection->query('SELECT module_p...')
#4 C:\xampp\htdocs\adminLTEv2\app\Controllers\Module_permission.php(95): App\Models\ModulePermissionModel->getModuleByModulePermission()
#5 C:\xampp\htdocs\adminLTEv2\system\CodeIgniter.php(942): App\Controllers\Module_permission->index()
#6 C:\xampp\htdocs\adminLTEv2\system\CodeIgniter.php(502): CodeIgniter\CodeIgniter->runController(Object(App\Controllers\Module_permission))
#7 C:\xampp\htdocs\adminLTEv2\system\CodeIgniter.php(361): CodeIgniter\CodeIgniter->handleRequest(NULL, Object(Config\Cache), false)
#8 C:\xampp\htdocs\adminLTEv2\index.php(79): CodeIgniter\CodeIgniter->run()
#9 {main}
CRITICAL - 2023-11-14 23:02:43 --> Table 'adminltev2-ci4.module_permission' doesn't exist
in SYSTEMPATH\Database\BaseConnection.php on line 647.
 1 APPPATH\Models\ModulePermissionModel.php(19): CodeIgniter\Database\BaseConnection->query('SELECT module_permission.id_module,module.judul_module FROM module_permission JOIN module ON module_permission.id_module = module.id_module GROUP BY module.nama_module')
 2 APPPATH\Controllers\Module_permission.php(95): App\Models\ModulePermissionModel->getModuleByModulePermission()
 3 SYSTEMPATH\CodeIgniter.php(942): App\Controllers\Module_permission->index()
 4 SYSTEMPATH\CodeIgniter.php(502): CodeIgniter\CodeIgniter->runController(Object(App\Controllers\Module_permission))
 5 SYSTEMPATH\CodeIgniter.php(361): CodeIgniter\CodeIgniter->handleRequest(null, Object(Config\Cache), false)
 6 FCPATH\index.php(79): CodeIgniter\CodeIgniter->run()
INFO - 2023-11-14 16:03:09 --> Session: Class initialized using 'CodeIgniter\Session\Handlers\FileHandler' driver.
INFO - 2023-11-14 16:03:10 --> Session: Class initialized using 'CodeIgniter\Session\Handlers\FileHandler' driver.
INFO - 2023-11-14 16:03:13 --> Session: Class initialized using 'CodeIgniter\Session\Handlers\FileHandler' driver.
ERROR - 2023-11-14 23:03:13 --> mysqli_sql_exception: Table 'adminltev2-ci4.module_permission' doesn't exist in C:\xampp\htdocs\adminLTEv2\system\Database\MySQLi\Connection.php:306
Stack trace:
#0 C:\xampp\htdocs\adminLTEv2\system\Database\MySQLi\Connection.php(306): mysqli->query('SELECT module_p...', 0)
#1 C:\xampp\htdocs\adminLTEv2\system\Database\BaseConnection.php(693): CodeIgniter\Database\MySQLi\Connection->execute('SELECT module_p...')
#2 C:\xampp\htdocs\adminLTEv2\system\Database\BaseConnection.php(607): CodeIgniter\Database\BaseConnection->simpleQuery('SELECT module_p...')
#3 C:\xampp\htdocs\adminLTEv2\app\Models\ModulePermissionModel.php(19): CodeIgniter\Database\BaseConnection->query('SELECT module_p...')
#4 C:\xampp\htdocs\adminLTEv2\app\Controllers\Module_permission.php(95): App\Models\ModulePermissionModel->getModuleByModulePermission()
#5 C:\xampp\htdocs\adminLTEv2\system\CodeIgniter.php(942): App\Controllers\Module_permission->index()
#6 C:\xampp\htdocs\adminLTEv2\system\CodeIgniter.php(502): CodeIgniter\CodeIgniter->runController(Object(App\Controllers\Module_permission))
#7 C:\xampp\htdocs\adminLTEv2\system\CodeIgniter.php(361): CodeIgniter\CodeIgniter->handleRequest(NULL, Object(Config\Cache), false)
#8 C:\xampp\htdocs\adminLTEv2\index.php(79): CodeIgniter\CodeIgniter->run()
#9 {main}
CRITICAL - 2023-11-14 23:03:13 --> Table 'adminltev2-ci4.module_permission' doesn't exist
in SYSTEMPATH\Database\BaseConnection.php on line 647.
 1 APPPATH\Models\ModulePermissionModel.php(19): CodeIgniter\Database\BaseConnection->query('SELECT module_permission.id_module,module.judul_module FROM module_permission JOIN module ON module_permission.id_module = module.id_module GROUP BY module.nama_module')
 2 APPPATH\Controllers\Module_permission.php(95): App\Models\ModulePermissionModel->getModuleByModulePermission()
 3 SYSTEMPATH\CodeIgniter.php(942): App\Controllers\Module_permission->index()
 4 SYSTEMPATH\CodeIgniter.php(502): CodeIgniter\CodeIgniter->runController(Object(App\Controllers\Module_permission))
 5 SYSTEMPATH\CodeIgniter.php(361): CodeIgniter\CodeIgniter->handleRequest(null, Object(Config\Cache), false)
 6 FCPATH\index.php(79): CodeIgniter\CodeIgniter->run()
INFO - 2023-11-14 16:03:23 --> Session: Class initialized using 'CodeIgniter\Session\Handlers\FileHandler' driver.
ERROR - 2023-11-14 23:03:23 --> mysqli_sql_exception: Table 'adminltev2-ci4.module_permission' doesn't exist in C:\xampp\htdocs\adminLTEv2\system\Database\MySQLi\Connection.php:306
Stack trace:
#0 C:\xampp\htdocs\adminLTEv2\system\Database\MySQLi\Connection.php(306): mysqli->query('SELECT module_p...', 0)
#1 C:\xampp\htdocs\adminLTEv2\system\Database\BaseConnection.php(693): CodeIgniter\Database\MySQLi\Connection->execute('SELECT module_p...')
#2 C:\xampp\htdocs\adminLTEv2\system\Database\BaseConnection.php(607): CodeIgniter\Database\BaseConnection->simpleQuery('SELECT module_p...')
#3 C:\xampp\htdocs\adminLTEv2\app\Models\ModulePermissionModel.php(19): CodeIgniter\Database\BaseConnection->query('SELECT module_p...')
#4 C:\xampp\htdocs\adminLTEv2\app\Controllers\Module_permission.php(95): App\Models\ModulePermissionModel->getModuleByModulePermission()
#5 C:\xampp\htdocs\adminLTEv2\system\CodeIgniter.php(942): App\Controllers\Module_permission->index()
#6 C:\xampp\htdocs\adminLTEv2\system\CodeIgniter.php(502): CodeIgniter\CodeIgniter->runController(Object(App\Controllers\Module_permission))
#7 C:\xampp\htdocs\adminLTEv2\system\CodeIgniter.php(361): CodeIgniter\CodeIgniter->handleRequest(NULL, Object(Config\Cache), false)
#8 C:\xampp\htdocs\adminLTEv2\index.php(79): CodeIgniter\CodeIgniter->run()
#9 {main}
CRITICAL - 2023-11-14 23:03:23 --> Table 'adminltev2-ci4.module_permission' doesn't exist
in SYSTEMPATH\Database\BaseConnection.php on line 647.
 1 APPPATH\Models\ModulePermissionModel.php(19): CodeIgniter\Database\BaseConnection->query('SELECT module_permission.id_module,module.judul_module FROM module_permission JOIN module ON module_permission.id_module = module.id_module GROUP BY module.nama_module')
 2 APPPATH\Controllers\Module_permission.php(95): App\Models\ModulePermissionModel->getModuleByModulePermission()
 3 SYSTEMPATH\CodeIgniter.php(942): App\Controllers\Module_permission->index()
 4 SYSTEMPATH\CodeIgniter.php(502): CodeIgniter\CodeIgniter->runController(Object(App\Controllers\Module_permission))
 5 SYSTEMPATH\CodeIgniter.php(361): CodeIgniter\CodeIgniter->handleRequest(null, Object(Config\Cache), false)
 6 FCPATH\index.php(79): CodeIgniter\CodeIgniter->run()
INFO - 2023-11-14 16:05:12 --> Session: Class initialized using 'CodeIgniter\Session\Handlers\FileHandler' driver.
ERROR - 2023-11-14 23:05:12 --> mysqli_sql_exception: Unknown column 'module_permission.id_module' in 'field list' in C:\xampp\htdocs\adminLTEv2\system\Database\MySQLi\Connection.php:306
Stack trace:
#0 C:\xampp\htdocs\adminLTEv2\system\Database\MySQLi\Connection.php(306): mysqli->query('SELECT module_p...', 0)
#1 C:\xampp\htdocs\adminLTEv2\system\Database\BaseConnection.php(693): CodeIgniter\Database\MySQLi\Connection->execute('SELECT module_p...')
#2 C:\xampp\htdocs\adminLTEv2\system\Database\BaseConnection.php(607): CodeIgniter\Database\BaseConnection->simpleQuery('SELECT module_p...')
#3 C:\xampp\htdocs\adminLTEv2\app\Models\ModulePermissionModel.php(19): CodeIgniter\Database\BaseConnection->query('SELECT module_p...')
#4 C:\xampp\htdocs\adminLTEv2\app\Controllers\Module_permission.php(95): App\Models\ModulePermissionModel->getModuleByModulePermission()
#5 C:\xampp\htdocs\adminLTEv2\system\CodeIgniter.php(942): App\Controllers\Module_permission->index()
#6 C:\xampp\htdocs\adminLTEv2\system\CodeIgniter.php(502): CodeIgniter\CodeIgniter->runController(Object(App\Controllers\Module_permission))
#7 C:\xampp\htdocs\adminLTEv2\system\CodeIgniter.php(361): CodeIgniter\CodeIgniter->handleRequest(NULL, Object(Config\Cache), false)
#8 C:\xampp\htdocs\adminLTEv2\index.php(79): CodeIgniter\CodeIgniter->run()
#9 {main}
CRITICAL - 2023-11-14 23:05:12 --> Unknown column 'module_permission.id_module' in 'field list'
in SYSTEMPATH\Database\BaseConnection.php on line 647.
 1 APPPATH\Models\ModulePermissionModel.php(19): CodeIgniter\Database\BaseConnection->query('SELECT module_permission.id_module,module.judul_module FROM module_permission JOIN module ON module_permission.id_module = module.id_module GROUP BY module.nama_module')
 2 APPPATH\Controllers\Module_permission.php(95): App\Models\ModulePermissionModel->getModuleByModulePermission()
 3 SYSTEMPATH\CodeIgniter.php(942): App\Controllers\Module_permission->index()
 4 SYSTEMPATH\CodeIgniter.php(502): CodeIgniter\CodeIgniter->runController(Object(App\Controllers\Module_permission))
 5 SYSTEMPATH\CodeIgniter.php(361): CodeIgniter\CodeIgniter->handleRequest(null, Object(Config\Cache), false)
 6 FCPATH\index.php(79): CodeIgniter\CodeIgniter->run()
INFO - 2023-11-14 16:07:38 --> Session: Class initialized using 'CodeIgniter\Session\Handlers\FileHandler' driver.
ERROR - 2023-11-14 23:07:38 --> mysqli_sql_exception: Unknown column 'module_permission.id_module' in 'field list' in C:\xampp\htdocs\adminLTEv2\system\Database\MySQLi\Connection.php:306
Stack trace:
#0 C:\xampp\htdocs\adminLTEv2\system\Database\MySQLi\Connection.php(306): mysqli->query('SELECT module_p...', 0)
#1 C:\xampp\htdocs\adminLTEv2\system\Database\BaseConnection.php(693): CodeIgniter\Database\MySQLi\Connection->execute('SELECT module_p...')
#2 C:\xampp\htdocs\adminLTEv2\system\Database\BaseConnection.php(607): CodeIgniter\Database\BaseConnection->simpleQuery('SELECT module_p...')
#3 C:\xampp\htdocs\adminLTEv2\app\Models\ModulePermissionModel.php(19): CodeIgniter\Database\BaseConnection->query('SELECT module_p...')
#4 C:\xampp\htdocs\adminLTEv2\app\Controllers\Module_permission.php(95): App\Models\ModulePermissionModel->getModuleByModulePermission()
#5 C:\xampp\htdocs\adminLTEv2\system\CodeIgniter.php(942): App\Controllers\Module_permission->index()
#6 C:\xampp\htdocs\adminLTEv2\system\CodeIgniter.php(502): CodeIgniter\CodeIgniter->runController(Object(App\Controllers\Module_permission))
#7 C:\xampp\htdocs\adminLTEv2\system\CodeIgniter.php(361): CodeIgniter\CodeIgniter->handleRequest(NULL, Object(Config\Cache), false)
#8 C:\xampp\htdocs\adminLTEv2\index.php(79): CodeIgniter\CodeIgniter->run()
#9 {main}
CRITICAL - 2023-11-14 23:07:38 --> Unknown column 'module_permission.id_module' in 'field list'
in SYSTEMPATH\Database\BaseConnection.php on line 647.
 1 APPPATH\Models\ModulePermissionModel.php(19): CodeIgniter\Database\BaseConnection->query('SELECT module_permission.id_module,module.judul_module FROM module_permission JOIN module ON module_permission.id_module = module.id_module GROUP BY module.nama_module')
 2 APPPATH\Controllers\Module_permission.php(95): App\Models\ModulePermissionModel->getModuleByModulePermission()
 3 SYSTEMPATH\CodeIgniter.php(942): App\Controllers\Module_permission->index()
 4 SYSTEMPATH\CodeIgniter.php(502): CodeIgniter\CodeIgniter->runController(Object(App\Controllers\Module_permission))
 5 SYSTEMPATH\CodeIgniter.php(361): CodeIgniter\CodeIgniter->handleRequest(null, Object(Config\Cache), false)
 6 FCPATH\index.php(79): CodeIgniter\CodeIgniter->run()
INFO - 2023-11-14 16:08:00 --> Session: Class initialized using 'CodeIgniter\Session\Handlers\FileHandler' driver.
INFO - 2023-11-14 16:08:00 --> Session: Class initialized using 'CodeIgniter\Session\Handlers\FileHandler' driver.
INFO - 2023-11-14 16:08:02 --> Session: Class initialized using 'CodeIgniter\Session\Handlers\FileHandler' driver.
ERROR - 2023-11-14 23:08:02 --> mysqli_sql_exception: Unknown column 'module_permission.id_module' in 'field list' in C:\xampp\htdocs\adminLTEv2\system\Database\MySQLi\Connection.php:306
Stack trace:
#0 C:\xampp\htdocs\adminLTEv2\system\Database\MySQLi\Connection.php(306): mysqli->query('SELECT module_p...', 0)
#1 C:\xampp\htdocs\adminLTEv2\system\Database\BaseConnection.php(693): CodeIgniter\Database\MySQLi\Connection->execute('SELECT module_p...')
#2 C:\xampp\htdocs\adminLTEv2\system\Database\BaseConnection.php(607): CodeIgniter\Database\BaseConnection->simpleQuery('SELECT module_p...')
#3 C:\xampp\htdocs\adminLTEv2\app\Models\ModulePermissionModel.php(19): CodeIgniter\Database\BaseConnection->query('SELECT module_p...')
#4 C:\xampp\htdocs\adminLTEv2\app\Controllers\Module_permission.php(95): App\Models\ModulePermissionModel->getModuleByModulePermission()
#5 C:\xampp\htdocs\adminLTEv2\system\CodeIgniter.php(942): App\Controllers\Module_permission->index()
#6 C:\xampp\htdocs\adminLTEv2\system\CodeIgniter.php(502): CodeIgniter\CodeIgniter->runController(Object(App\Controllers\Module_permission))
#7 C:\xampp\htdocs\adminLTEv2\system\CodeIgniter.php(361): CodeIgniter\CodeIgniter->handleRequest(NULL, Object(Config\Cache), false)
#8 C:\xampp\htdocs\adminLTEv2\index.php(79): CodeIgniter\CodeIgniter->run()
#9 {main}
CRITICAL - 2023-11-14 23:08:02 --> Unknown column 'module_permission.id_module' in 'field list'
in SYSTEMPATH\Database\BaseConnection.php on line 647.
 1 APPPATH\Models\ModulePermissionModel.php(19): CodeIgniter\Database\BaseConnection->query('SELECT module_permission.id_module,module.judul_module FROM module_permission JOIN module ON module_permission.id_module = module.id_module GROUP BY module.nama_module')
 2 APPPATH\Controllers\Module_permission.php(95): App\Models\ModulePermissionModel->getModuleByModulePermission()
 3 SYSTEMPATH\CodeIgniter.php(942): App\Controllers\Module_permission->index()
 4 SYSTEMPATH\CodeIgniter.php(502): CodeIgniter\CodeIgniter->runController(Object(App\Controllers\Module_permission))
 5 SYSTEMPATH\CodeIgniter.php(361): CodeIgniter\CodeIgniter->handleRequest(null, Object(Config\Cache), false)
 6 FCPATH\index.php(79): CodeIgniter\CodeIgniter->run()
INFO - 2023-11-14 16:08:35 --> Session: Class initialized using 'CodeIgniter\Session\Handlers\FileHandler' driver.
ERROR - 2023-11-14 23:08:35 --> mysqli_sql_exception: Unknown column 'module_permission.id_module' in 'field list' in C:\xampp\htdocs\adminLTEv2\system\Database\MySQLi\Connection.php:306
Stack trace:
#0 C:\xampp\htdocs\adminLTEv2\system\Database\MySQLi\Connection.php(306): mysqli->query('SELECT module_p...', 0)
#1 C:\xampp\htdocs\adminLTEv2\system\Database\BaseConnection.php(693): CodeIgniter\Database\MySQLi\Connection->execute('SELECT module_p...')
#2 C:\xampp\htdocs\adminLTEv2\system\Database\BaseConnection.php(607): CodeIgniter\Database\BaseConnection->simpleQuery('SELECT module_p...')
#3 C:\xampp\htdocs\adminLTEv2\app\Models\ModulePermissionModel.php(19): CodeIgniter\Database\BaseConnection->query('SELECT module_p...')
#4 C:\xampp\htdocs\adminLTEv2\app\Controllers\Module_permission.php(95): App\Models\ModulePermissionModel->getModuleByModulePermission()
#5 C:\xampp\htdocs\adminLTEv2\system\CodeIgniter.php(942): App\Controllers\Module_permission->index()
#6 C:\xampp\htdocs\adminLTEv2\system\CodeIgniter.php(502): CodeIgniter\CodeIgniter->runController(Object(App\Controllers\Module_permission))
#7 C:\xampp\htdocs\adminLTEv2\system\CodeIgniter.php(361): CodeIgniter\CodeIgniter->handleRequest(NULL, Object(Config\Cache), false)
#8 C:\xampp\htdocs\adminLTEv2\index.php(79): CodeIgniter\CodeIgniter->run()
#9 {main}
CRITICAL - 2023-11-14 23:08:35 --> Unknown column 'module_permission.id_module' in 'field list'
in SYSTEMPATH\Database\BaseConnection.php on line 647.
 1 APPPATH\Models\ModulePermissionModel.php(19): CodeIgniter\Database\BaseConnection->query('SELECT module_permission.id_module,module.judul_module FROM module_permission JOIN module ON module_permission.id_module = module.id_module GROUP BY module.nama_module')
 2 APPPATH\Controllers\Module_permission.php(95): App\Models\ModulePermissionModel->getModuleByModulePermission()
 3 SYSTEMPATH\CodeIgniter.php(942): App\Controllers\Module_permission->index()
 4 SYSTEMPATH\CodeIgniter.php(502): CodeIgniter\CodeIgniter->runController(Object(App\Controllers\Module_permission))
 5 SYSTEMPATH\CodeIgniter.php(361): CodeIgniter\CodeIgniter->handleRequest(null, Object(Config\Cache), false)
 6 FCPATH\index.php(79): CodeIgniter\CodeIgniter->run()
INFO - 2023-11-14 16:09:29 --> Session: Class initialized using 'CodeIgniter\Session\Handlers\FileHandler' driver.
ERROR - 2023-11-14 23:09:29 --> mysqli_sql_exception: Unknown column 'module.judul_module' in 'field list' in C:\xampp\htdocs\adminLTEv2\system\Database\MySQLi\Connection.php:306
Stack trace:
#0 C:\xampp\htdocs\adminLTEv2\system\Database\MySQLi\Connection.php(306): mysqli->query('SELECT module_p...', 0)
#1 C:\xampp\htdocs\adminLTEv2\system\Database\BaseConnection.php(693): CodeIgniter\Database\MySQLi\Connection->execute('SELECT module_p...')
#2 C:\xampp\htdocs\adminLTEv2\system\Database\BaseConnection.php(607): CodeIgniter\Database\BaseConnection->simpleQuery('SELECT module_p...')
#3 C:\xampp\htdocs\adminLTEv2\app\Models\ModulePermissionModel.php(19): CodeIgniter\Database\BaseConnection->query('SELECT module_p...')
#4 C:\xampp\htdocs\adminLTEv2\app\Controllers\Module_permission.php(95): App\Models\ModulePermissionModel->getModuleByModulePermission()
#5 C:\xampp\htdocs\adminLTEv2\system\CodeIgniter.php(942): App\Controllers\Module_permission->index()
#6 C:\xampp\htdocs\adminLTEv2\system\CodeIgniter.php(502): CodeIgniter\CodeIgniter->runController(Object(App\Controllers\Module_permission))
#7 C:\xampp\htdocs\adminLTEv2\system\CodeIgniter.php(361): CodeIgniter\CodeIgniter->handleRequest(NULL, Object(Config\Cache), false)
#8 C:\xampp\htdocs\adminLTEv2\index.php(79): CodeIgniter\CodeIgniter->run()
#9 {main}
CRITICAL - 2023-11-14 23:09:29 --> Unknown column 'module.judul_module' in 'field list'
in SYSTEMPATH\Database\BaseConnection.php on line 647.
 1 APPPATH\Models\ModulePermissionModel.php(19): CodeIgniter\Database\BaseConnection->query('SELECT module_permission.module_id,module.judul_module FROM module_permission JOIN module ON module_permission.module_id = module.module_id GROUP BY module.nama_module')
 2 APPPATH\Controllers\Module_permission.php(95): App\Models\ModulePermissionModel->getModuleByModulePermission()
 3 SYSTEMPATH\CodeIgniter.php(942): App\Controllers\Module_permission->index()
 4 SYSTEMPATH\CodeIgniter.php(502): CodeIgniter\CodeIgniter->runController(Object(App\Controllers\Module_permission))
 5 SYSTEMPATH\CodeIgniter.php(361): CodeIgniter\CodeIgniter->handleRequest(null, Object(Config\Cache), false)
 6 FCPATH\index.php(79): CodeIgniter\CodeIgniter->run()
INFO - 2023-11-14 16:09:30 --> Session: Class initialized using 'CodeIgniter\Session\Handlers\FileHandler' driver.
ERROR - 2023-11-14 23:09:30 --> mysqli_sql_exception: Unknown column 'module.judul_module' in 'field list' in C:\xampp\htdocs\adminLTEv2\system\Database\MySQLi\Connection.php:306
Stack trace:
#0 C:\xampp\htdocs\adminLTEv2\system\Database\MySQLi\Connection.php(306): mysqli->query('SELECT module_p...', 0)
#1 C:\xampp\htdocs\adminLTEv2\system\Database\BaseConnection.php(693): CodeIgniter\Database\MySQLi\Connection->execute('SELECT module_p...')
#2 C:\xampp\htdocs\adminLTEv2\system\Database\BaseConnection.php(607): CodeIgniter\Database\BaseConnection->simpleQuery('SELECT module_p...')
#3 C:\xampp\htdocs\adminLTEv2\app\Models\ModulePermissionModel.php(19): CodeIgniter\Database\BaseConnection->query('SELECT module_p...')
#4 C:\xampp\htdocs\adminLTEv2\app\Controllers\Module_permission.php(95): App\Models\ModulePermissionModel->getModuleByModulePermission()
#5 C:\xampp\htdocs\adminLTEv2\system\CodeIgniter.php(942): App\Controllers\Module_permission->index()
#6 C:\xampp\htdocs\adminLTEv2\system\CodeIgniter.php(502): CodeIgniter\CodeIgniter->runController(Object(App\Controllers\Module_permission))
#7 C:\xampp\htdocs\adminLTEv2\system\CodeIgniter.php(361): CodeIgniter\CodeIgniter->handleRequest(NULL, Object(Config\Cache), false)
#8 C:\xampp\htdocs\adminLTEv2\index.php(79): CodeIgniter\CodeIgniter->run()
#9 {main}
CRITICAL - 2023-11-14 23:09:30 --> Unknown column 'module.judul_module' in 'field list'
in SYSTEMPATH\Database\BaseConnection.php on line 647.
 1 APPPATH\Models\ModulePermissionModel.php(19): CodeIgniter\Database\BaseConnection->query('SELECT module_permission.module_id,module.judul_module FROM module_permission JOIN module ON module_permission.module_id = module.module_id GROUP BY module.nama_module')
 2 APPPATH\Controllers\Module_permission.php(95): App\Models\ModulePermissionModel->getModuleByModulePermission()
 3 SYSTEMPATH\CodeIgniter.php(942): App\Controllers\Module_permission->index()
 4 SYSTEMPATH\CodeIgniter.php(502): CodeIgniter\CodeIgniter->runController(Object(App\Controllers\Module_permission))
 5 SYSTEMPATH\CodeIgniter.php(361): CodeIgniter\CodeIgniter->handleRequest(null, Object(Config\Cache), false)
 6 FCPATH\index.php(79): CodeIgniter\CodeIgniter->run()
INFO - 2023-11-14 16:09:30 --> Session: Class initialized using 'CodeIgniter\Session\Handlers\FileHandler' driver.
ERROR - 2023-11-14 23:09:30 --> mysqli_sql_exception: Unknown column 'module.judul_module' in 'field list' in C:\xampp\htdocs\adminLTEv2\system\Database\MySQLi\Connection.php:306
Stack trace:
#0 C:\xampp\htdocs\adminLTEv2\system\Database\MySQLi\Connection.php(306): mysqli->query('SELECT module_p...', 0)
#1 C:\xampp\htdocs\adminLTEv2\system\Database\BaseConnection.php(693): CodeIgniter\Database\MySQLi\Connection->execute('SELECT module_p...')
#2 C:\xampp\htdocs\adminLTEv2\system\Database\BaseConnection.php(607): CodeIgniter\Database\BaseConnection->simpleQuery('SELECT module_p...')
#3 C:\xampp\htdocs\adminLTEv2\app\Models\ModulePermissionModel.php(19): CodeIgniter\Database\BaseConnection->query('SELECT module_p...')
#4 C:\xampp\htdocs\adminLTEv2\app\Controllers\Module_permission.php(95): App\Models\ModulePermissionModel->getModuleByModulePermission()
#5 C:\xampp\htdocs\adminLTEv2\system\CodeIgniter.php(942): App\Controllers\Module_permission->index()
#6 C:\xampp\htdocs\adminLTEv2\system\CodeIgniter.php(502): CodeIgniter\CodeIgniter->runController(Object(App\Controllers\Module_permission))
#7 C:\xampp\htdocs\adminLTEv2\system\CodeIgniter.php(361): CodeIgniter\CodeIgniter->handleRequest(NULL, Object(Config\Cache), false)
#8 C:\xampp\htdocs\adminLTEv2\index.php(79): CodeIgniter\CodeIgniter->run()
#9 {main}
CRITICAL - 2023-11-14 23:09:30 --> Unknown column 'module.judul_module' in 'field list'
in SYSTEMPATH\Database\BaseConnection.php on line 647.
 1 APPPATH\Models\ModulePermissionModel.php(19): CodeIgniter\Database\BaseConnection->query('SELECT module_permission.module_id,module.judul_module FROM module_permission JOIN module ON module_permission.module_id = module.module_id GROUP BY module.nama_module')
 2 APPPATH\Controllers\Module_permission.php(95): App\Models\ModulePermissionModel->getModuleByModulePermission()
 3 SYSTEMPATH\CodeIgniter.php(942): App\Controllers\Module_permission->index()
 4 SYSTEMPATH\CodeIgniter.php(502): CodeIgniter\CodeIgniter->runController(Object(App\Controllers\Module_permission))
 5 SYSTEMPATH\CodeIgniter.php(361): CodeIgniter\CodeIgniter->handleRequest(null, Object(Config\Cache), false)
 6 FCPATH\index.php(79): CodeIgniter\CodeIgniter->run()
INFO - 2023-11-14 16:09:30 --> Session: Class initialized using 'CodeIgniter\Session\Handlers\FileHandler' driver.
ERROR - 2023-11-14 23:09:30 --> mysqli_sql_exception: Unknown column 'module.judul_module' in 'field list' in C:\xampp\htdocs\adminLTEv2\system\Database\MySQLi\Connection.php:306
Stack trace:
#0 C:\xampp\htdocs\adminLTEv2\system\Database\MySQLi\Connection.php(306): mysqli->query('SELECT module_p...', 0)
#1 C:\xampp\htdocs\adminLTEv2\system\Database\BaseConnection.php(693): CodeIgniter\Database\MySQLi\Connection->execute('SELECT module_p...')
#2 C:\xampp\htdocs\adminLTEv2\system\Database\BaseConnection.php(607): CodeIgniter\Database\BaseConnection->simpleQuery('SELECT module_p...')
#3 C:\xampp\htdocs\adminLTEv2\app\Models\ModulePermissionModel.php(19): CodeIgniter\Database\BaseConnection->query('SELECT module_p...')
#4 C:\xampp\htdocs\adminLTEv2\app\Controllers\Module_permission.php(95): App\Models\ModulePermissionModel->getModuleByModulePermission()
#5 C:\xampp\htdocs\adminLTEv2\system\CodeIgniter.php(942): App\Controllers\Module_permission->index()
#6 C:\xampp\htdocs\adminLTEv2\system\CodeIgniter.php(502): CodeIgniter\CodeIgniter->runController(Object(App\Controllers\Module_permission))
#7 C:\xampp\htdocs\adminLTEv2\system\CodeIgniter.php(361): CodeIgniter\CodeIgniter->handleRequest(NULL, Object(Config\Cache), false)
#8 C:\xampp\htdocs\adminLTEv2\index.php(79): CodeIgniter\CodeIgniter->run()
#9 {main}
CRITICAL - 2023-11-14 23:09:30 --> Unknown column 'module.judul_module' in 'field list'
in SYSTEMPATH\Database\BaseConnection.php on line 647.
 1 APPPATH\Models\ModulePermissionModel.php(19): CodeIgniter\Database\BaseConnection->query('SELECT module_permission.module_id,module.judul_module FROM module_permission JOIN module ON module_permission.module_id = module.module_id GROUP BY module.nama_module')
 2 APPPATH\Controllers\Module_permission.php(95): App\Models\ModulePermissionModel->getModuleByModulePermission()
 3 SYSTEMPATH\CodeIgniter.php(942): App\Controllers\Module_permission->index()
 4 SYSTEMPATH\CodeIgniter.php(502): CodeIgniter\CodeIgniter->runController(Object(App\Controllers\Module_permission))
 5 SYSTEMPATH\CodeIgniter.php(361): CodeIgniter\CodeIgniter->handleRequest(null, Object(Config\Cache), false)
 6 FCPATH\index.php(79): CodeIgniter\CodeIgniter->run()
INFO - 2023-11-14 16:10:41 --> Session: Class initialized using 'CodeIgniter\Session\Handlers\FileHandler' driver.
ERROR - 2023-11-14 23:10:41 --> mysqli_sql_exception: Unknown column 'module.judul_module' in 'field list' in C:\xampp\htdocs\adminLTEv2\system\Database\MySQLi\Connection.php:306
Stack trace:
#0 C:\xampp\htdocs\adminLTEv2\system\Database\MySQLi\Connection.php(306): mysqli->query('SELECT module_p...', 0)
#1 C:\xampp\htdocs\adminLTEv2\system\Database\BaseConnection.php(693): CodeIgniter\Database\MySQLi\Connection->execute('SELECT module_p...')
#2 C:\xampp\htdocs\adminLTEv2\system\Database\BaseConnection.php(607): CodeIgniter\Database\BaseConnection->simpleQuery('SELECT module_p...')
#3 C:\xampp\htdocs\adminLTEv2\app\Models\ModulePermissionModel.php(19): CodeIgniter\Database\BaseConnection->query('SELECT module_p...')
#4 C:\xampp\htdocs\adminLTEv2\app\Controllers\Module_permission.php(95): App\Models\ModulePermissionModel->getModuleByModulePermission()
#5 C:\xampp\htdocs\adminLTEv2\system\CodeIgniter.php(942): App\Controllers\Module_permission->index()
#6 C:\xampp\htdocs\adminLTEv2\system\CodeIgniter.php(502): CodeIgniter\CodeIgniter->runController(Object(App\Controllers\Module_permission))
#7 C:\xampp\htdocs\adminLTEv2\system\CodeIgniter.php(361): CodeIgniter\CodeIgniter->handleRequest(NULL, Object(Config\Cache), false)
#8 C:\xampp\htdocs\adminLTEv2\index.php(79): CodeIgniter\CodeIgniter->run()
#9 {main}
CRITICAL - 2023-11-14 23:10:41 --> Unknown column 'module.judul_module' in 'field list'
in SYSTEMPATH\Database\BaseConnection.php on line 647.
 1 APPPATH\Models\ModulePermissionModel.php(19): CodeIgniter\Database\BaseConnection->query('SELECT module_permission.module_id,module.judul_module FROM module_permission JOIN module ON module_permission.module_id = module.module_id GROUP BY module.nama_module')
 2 APPPATH\Controllers\Module_permission.php(95): App\Models\ModulePermissionModel->getModuleByModulePermission()
 3 SYSTEMPATH\CodeIgniter.php(942): App\Controllers\Module_permission->index()
 4 SYSTEMPATH\CodeIgniter.php(502): CodeIgniter\CodeIgniter->runController(Object(App\Controllers\Module_permission))
 5 SYSTEMPATH\CodeIgniter.php(361): CodeIgniter\CodeIgniter->handleRequest(null, Object(Config\Cache), false)
 6 FCPATH\index.php(79): CodeIgniter\CodeIgniter->run()
INFO - 2023-11-14 16:10:42 --> Session: Class initialized using 'CodeIgniter\Session\Handlers\FileHandler' driver.
ERROR - 2023-11-14 23:10:42 --> mysqli_sql_exception: Unknown column 'module.judul_module' in 'field list' in C:\xampp\htdocs\adminLTEv2\system\Database\MySQLi\Connection.php:306
Stack trace:
#0 C:\xampp\htdocs\adminLTEv2\system\Database\MySQLi\Connection.php(306): mysqli->query('SELECT module_p...', 0)
#1 C:\xampp\htdocs\adminLTEv2\system\Database\BaseConnection.php(693): CodeIgniter\Database\MySQLi\Connection->execute('SELECT module_p...')
#2 C:\xampp\htdocs\adminLTEv2\system\Database\BaseConnection.php(607): CodeIgniter\Database\BaseConnection->simpleQuery('SELECT module_p...')
#3 C:\xampp\htdocs\adminLTEv2\app\Models\ModulePermissionModel.php(19): CodeIgniter\Database\BaseConnection->query('SELECT module_p...')
#4 C:\xampp\htdocs\adminLTEv2\app\Controllers\Module_permission.php(95): App\Models\ModulePermissionModel->getModuleByModulePermission()
#5 C:\xampp\htdocs\adminLTEv2\system\CodeIgniter.php(942): App\Controllers\Module_permission->index()
#6 C:\xampp\htdocs\adminLTEv2\system\CodeIgniter.php(502): CodeIgniter\CodeIgniter->runController(Object(App\Controllers\Module_permission))
#7 C:\xampp\htdocs\adminLTEv2\system\CodeIgniter.php(361): CodeIgniter\CodeIgniter->handleRequest(NULL, Object(Config\Cache), false)
#8 C:\xampp\htdocs\adminLTEv2\index.php(79): CodeIgniter\CodeIgniter->run()
#9 {main}
CRITICAL - 2023-11-14 23:10:42 --> Unknown column 'module.judul_module' in 'field list'
in SYSTEMPATH\Database\BaseConnection.php on line 647.
 1 APPPATH\Models\ModulePermissionModel.php(19): CodeIgniter\Database\BaseConnection->query('SELECT module_permission.module_id,module.judul_module FROM module_permission JOIN module ON module_permission.module_id = module.module_id GROUP BY module.nama_module')
 2 APPPATH\Controllers\Module_permission.php(95): App\Models\ModulePermissionModel->getModuleByModulePermission()
 3 SYSTEMPATH\CodeIgniter.php(942): App\Controllers\Module_permission->index()
 4 SYSTEMPATH\CodeIgniter.php(502): CodeIgniter\CodeIgniter->runController(Object(App\Controllers\Module_permission))
 5 SYSTEMPATH\CodeIgniter.php(361): CodeIgniter\CodeIgniter->handleRequest(null, Object(Config\Cache), false)
 6 FCPATH\index.php(79): CodeIgniter\CodeIgniter->run()
INFO - 2023-11-14 16:10:43 --> Session: Class initialized using 'CodeIgniter\Session\Handlers\FileHandler' driver.
ERROR - 2023-11-14 23:10:43 --> mysqli_sql_exception: Unknown column 'module.judul_module' in 'field list' in C:\xampp\htdocs\adminLTEv2\system\Database\MySQLi\Connection.php:306
Stack trace:
#0 C:\xampp\htdocs\adminLTEv2\system\Database\MySQLi\Connection.php(306): mysqli->query('SELECT module_p...', 0)
#1 C:\xampp\htdocs\adminLTEv2\system\Database\BaseConnection.php(693): CodeIgniter\Database\MySQLi\Connection->execute('SELECT module_p...')
#2 C:\xampp\htdocs\adminLTEv2\system\Database\BaseConnection.php(607): CodeIgniter\Database\BaseConnection->simpleQuery('SELECT module_p...')
#3 C:\xampp\htdocs\adminLTEv2\app\Models\ModulePermissionModel.php(19): CodeIgniter\Database\BaseConnection->query('SELECT module_p...')
#4 C:\xampp\htdocs\adminLTEv2\app\Controllers\Module_permission.php(95): App\Models\ModulePermissionModel->getModuleByModulePermission()
#5 C:\xampp\htdocs\adminLTEv2\system\CodeIgniter.php(942): App\Controllers\Module_permission->index()
#6 C:\xampp\htdocs\adminLTEv2\system\CodeIgniter.php(502): CodeIgniter\CodeIgniter->runController(Object(App\Controllers\Module_permission))
#7 C:\xampp\htdocs\adminLTEv2\system\CodeIgniter.php(361): CodeIgniter\CodeIgniter->handleRequest(NULL, Object(Config\Cache), false)
#8 C:\xampp\htdocs\adminLTEv2\index.php(79): CodeIgniter\CodeIgniter->run()
#9 {main}
CRITICAL - 2023-11-14 23:10:43 --> Unknown column 'module.judul_module' in 'field list'
in SYSTEMPATH\Database\BaseConnection.php on line 647.
 1 APPPATH\Models\ModulePermissionModel.php(19): CodeIgniter\Database\BaseConnection->query('SELECT module_permission.module_id,module.judul_module FROM module_permission JOIN module ON module_permission.module_id = module.module_id GROUP BY module.nama_module')
 2 APPPATH\Controllers\Module_permission.php(95): App\Models\ModulePermissionModel->getModuleByModulePermission()
 3 SYSTEMPATH\CodeIgniter.php(942): App\Controllers\Module_permission->index()
 4 SYSTEMPATH\CodeIgniter.php(502): CodeIgniter\CodeIgniter->runController(Object(App\Controllers\Module_permission))
 5 SYSTEMPATH\CodeIgniter.php(361): CodeIgniter\CodeIgniter->handleRequest(null, Object(Config\Cache), false)
 6 FCPATH\index.php(79): CodeIgniter\CodeIgniter->run()
INFO - 2023-11-14 16:11:01 --> Session: Class initialized using 'CodeIgniter\Session\Handlers\FileHandler' driver.
ERROR - 2023-11-14 23:11:02 --> mysqli_sql_exception: Unknown column 'module.judul_module' in 'field list' in C:\xampp\htdocs\adminLTEv2\system\Database\MySQLi\Connection.php:306
Stack trace:
#0 C:\xampp\htdocs\adminLTEv2\system\Database\MySQLi\Connection.php(306): mysqli->query('SELECT module_p...', 0)
#1 C:\xampp\htdocs\adminLTEv2\system\Database\BaseConnection.php(693): CodeIgniter\Database\MySQLi\Connection->execute('SELECT module_p...')
#2 C:\xampp\htdocs\adminLTEv2\system\Database\BaseConnection.php(607): CodeIgniter\Database\BaseConnection->simpleQuery('SELECT module_p...')
#3 C:\xampp\htdocs\adminLTEv2\app\Models\ModulePermissionModel.php(19): CodeIgniter\Database\BaseConnection->query('SELECT module_p...')
#4 C:\xampp\htdocs\adminLTEv2\app\Controllers\Module_permission.php(95): App\Models\ModulePermissionModel->getModuleByModulePermission()
#5 C:\xampp\htdocs\adminLTEv2\system\CodeIgniter.php(942): App\Controllers\Module_permission->index()
#6 C:\xampp\htdocs\adminLTEv2\system\CodeIgniter.php(502): CodeIgniter\CodeIgniter->runController(Object(App\Controllers\Module_permission))
#7 C:\xampp\htdocs\adminLTEv2\system\CodeIgniter.php(361): CodeIgniter\CodeIgniter->handleRequest(NULL, Object(Config\Cache), false)
#8 C:\xampp\htdocs\adminLTEv2\index.php(79): CodeIgniter\CodeIgniter->run()
#9 {main}
CRITICAL - 2023-11-14 23:11:02 --> Unknown column 'module.judul_module' in 'field list'
in SYSTEMPATH\Database\BaseConnection.php on line 647.
 1 APPPATH\Models\ModulePermissionModel.php(19): CodeIgniter\Database\BaseConnection->query('SELECT module_permission.module_id,module.judul_module FROM module_permission JOIN module ON module_permission.module_id = module.module_id GROUP BY module.nama_module')
 2 APPPATH\Controllers\Module_permission.php(95): App\Models\ModulePermissionModel->getModuleByModulePermission()
 3 SYSTEMPATH\CodeIgniter.php(942): App\Controllers\Module_permission->index()
 4 SYSTEMPATH\CodeIgniter.php(502): CodeIgniter\CodeIgniter->runController(Object(App\Controllers\Module_permission))
 5 SYSTEMPATH\CodeIgniter.php(361): CodeIgniter\CodeIgniter->handleRequest(null, Object(Config\Cache), false)
 6 FCPATH\index.php(79): CodeIgniter\CodeIgniter->run()
INFO - 2023-11-14 16:11:02 --> Session: Class initialized using 'CodeIgniter\Session\Handlers\FileHandler' driver.
ERROR - 2023-11-14 23:11:02 --> mysqli_sql_exception: Unknown column 'module.judul_module' in 'field list' in C:\xampp\htdocs\adminLTEv2\system\Database\MySQLi\Connection.php:306
Stack trace:
#0 C:\xampp\htdocs\adminLTEv2\system\Database\MySQLi\Connection.php(306): mysqli->query('SELECT module_p...', 0)
#1 C:\xampp\htdocs\adminLTEv2\system\Database\BaseConnection.php(693): CodeIgniter\Database\MySQLi\Connection->execute('SELECT module_p...')
#2 C:\xampp\htdocs\adminLTEv2\system\Database\BaseConnection.php(607): CodeIgniter\Database\BaseConnection->simpleQuery('SELECT module_p...')
#3 C:\xampp\htdocs\adminLTEv2\app\Models\ModulePermissionModel.php(19): CodeIgniter\Database\BaseConnection->query('SELECT module_p...')
#4 C:\xampp\htdocs\adminLTEv2\app\Controllers\Module_permission.php(95): App\Models\ModulePermissionModel->getModuleByModulePermission()
#5 C:\xampp\htdocs\adminLTEv2\system\CodeIgniter.php(942): App\Controllers\Module_permission->index()
#6 C:\xampp\htdocs\adminLTEv2\system\CodeIgniter.php(502): CodeIgniter\CodeIgniter->runController(Object(App\Controllers\Module_permission))
#7 C:\xampp\htdocs\adminLTEv2\system\CodeIgniter.php(361): CodeIgniter\CodeIgniter->handleRequest(NULL, Object(Config\Cache), false)
#8 C:\xampp\htdocs\adminLTEv2\index.php(79): CodeIgniter\CodeIgniter->run()
#9 {main}
CRITICAL - 2023-11-14 23:11:02 --> Unknown column 'module.judul_module' in 'field list'
in SYSTEMPATH\Database\BaseConnection.php on line 647.
 1 APPPATH\Models\ModulePermissionModel.php(19): CodeIgniter\Database\BaseConnection->query('SELECT module_permission.module_id,module.judul_module FROM module_permission JOIN module ON module_permission.module_id = module.module_id GROUP BY module.nama_module')
 2 APPPATH\Controllers\Module_permission.php(95): App\Models\ModulePermissionModel->getModuleByModulePermission()
 3 SYSTEMPATH\CodeIgniter.php(942): App\Controllers\Module_permission->index()
 4 SYSTEMPATH\CodeIgniter.php(502): CodeIgniter\CodeIgniter->runController(Object(App\Controllers\Module_permission))
 5 SYSTEMPATH\CodeIgniter.php(361): CodeIgniter\CodeIgniter->handleRequest(null, Object(Config\Cache), false)
 6 FCPATH\index.php(79): CodeIgniter\CodeIgniter->run()
INFO - 2023-11-14 16:11:31 --> Session: Class initialized using 'CodeIgniter\Session\Handlers\FileHandler' driver.
ERROR - 2023-11-14 23:11:31 --> mysqli_sql_exception: Unknown column 'module.judul_module' in 'field list' in C:\xampp\htdocs\adminLTEv2\system\Database\MySQLi\Connection.php:306
Stack trace:
#0 C:\xampp\htdocs\adminLTEv2\system\Database\MySQLi\Connection.php(306): mysqli->query('SELECT module_p...', 0)
#1 C:\xampp\htdocs\adminLTEv2\system\Database\BaseConnection.php(693): CodeIgniter\Database\MySQLi\Connection->execute('SELECT module_p...')
#2 C:\xampp\htdocs\adminLTEv2\system\Database\BaseConnection.php(607): CodeIgniter\Database\BaseConnection->simpleQuery('SELECT module_p...')
#3 C:\xampp\htdocs\adminLTEv2\app\Models\ModulePermissionModel.php(19): CodeIgniter\Database\BaseConnection->query('SELECT module_p...')
#4 C:\xampp\htdocs\adminLTEv2\app\Controllers\Module_permission.php(95): App\Models\ModulePermissionModel->getModuleByModulePermission()
#5 C:\xampp\htdocs\adminLTEv2\system\CodeIgniter.php(942): App\Controllers\Module_permission->index()
#6 C:\xampp\htdocs\adminLTEv2\system\CodeIgniter.php(502): CodeIgniter\CodeIgniter->runController(Object(App\Controllers\Module_permission))
#7 C:\xampp\htdocs\adminLTEv2\system\CodeIgniter.php(361): CodeIgniter\CodeIgniter->handleRequest(NULL, Object(Config\Cache), false)
#8 C:\xampp\htdocs\adminLTEv2\index.php(79): CodeIgniter\CodeIgniter->run()
#9 {main}
CRITICAL - 2023-11-14 23:11:31 --> Unknown column 'module.judul_module' in 'field list'
in SYSTEMPATH\Database\BaseConnection.php on line 647.
 1 APPPATH\Models\ModulePermissionModel.php(19): CodeIgniter\Database\BaseConnection->query('SELECT module_permission.module_id,module.judul_module FROM module_permission JOIN module ON module_permission.module_id = module.module_id GROUP BY module.nama_module')
 2 APPPATH\Controllers\Module_permission.php(95): App\Models\ModulePermissionModel->getModuleByModulePermission()
 3 SYSTEMPATH\CodeIgniter.php(942): App\Controllers\Module_permission->index()
 4 SYSTEMPATH\CodeIgniter.php(502): CodeIgniter\CodeIgniter->runController(Object(App\Controllers\Module_permission))
 5 SYSTEMPATH\CodeIgniter.php(361): CodeIgniter\CodeIgniter->handleRequest(null, Object(Config\Cache), false)
 6 FCPATH\index.php(79): CodeIgniter\CodeIgniter->run()
INFO - 2023-11-14 16:12:05 --> Session: Class initialized using 'CodeIgniter\Session\Handlers\FileHandler' driver.
INFO - 2023-11-14 16:12:33 --> Session: Class initialized using 'CodeIgniter\Session\Handlers\FileHandler' driver.
INFO - 2023-11-14 16:12:33 --> Session: Class initialized using 'CodeIgniter\Session\Handlers\FileHandler' driver.
ERROR - 2023-11-14 23:12:33 --> mysqli_sql_exception: Unknown column 'module.judul_module' in 'field list' in C:\xampp\htdocs\adminLTEv2\system\Database\MySQLi\Connection.php:306
Stack trace:
#0 C:\xampp\htdocs\adminLTEv2\system\Database\MySQLi\Connection.php(306): mysqli->query('SELECT `module`...', 0)
#1 C:\xampp\htdocs\adminLTEv2\system\Database\BaseConnection.php(693): CodeIgniter\Database\MySQLi\Connection->execute('SELECT `module`...')
#2 C:\xampp\htdocs\adminLTEv2\system\Database\BaseConnection.php(607): CodeIgniter\Database\BaseConnection->simpleQuery('SELECT `module`...')
#3 C:\xampp\htdocs\adminLTEv2\system\Database\BaseBuilder.php(1615): CodeIgniter\Database\BaseConnection->query('SELECT `module`...', Array, false)
#4 C:\xampp\htdocs\adminLTEv2\app\Models\DataTableModel.php(209): CodeIgniter\Database\BaseBuilder->get()
#5 C:\xampp\htdocs\adminLTEv2\app\Controllers\Module_permission.php(67): App\Models\DataTableModel->getGenerateServerSide('module_permissi...', Array, Array, Array, Array, Array, Array, Array, Array, Array, Array, Array, Array, Array, Array, Array, false)
#6 C:\xampp\htdocs\adminLTEv2\system\CodeIgniter.php(942): App\Controllers\Module_permission->ajaxGetData()
#7 C:\xampp\htdocs\adminLTEv2\system\CodeIgniter.php(502): CodeIgniter\CodeIgniter->runController(Object(App\Controllers\Module_permission))
#8 C:\xampp\htdocs\adminLTEv2\system\CodeIgniter.php(361): CodeIgniter\CodeIgniter->handleRequest(NULL, Object(Config\Cache), false)
#9 C:\xampp\htdocs\adminLTEv2\index.php(79): CodeIgniter\CodeIgniter->run()
#10 {main}
CRITICAL - 2023-11-14 23:12:33 --> Unknown column 'module.judul_module' in 'field list'
in SYSTEMPATH\Database\BaseConnection.php on line 647.
 1 SYSTEMPATH\Database\BaseBuilder.php(1615): CodeIgniter\Database\BaseConnection->query('SELECT `module`.`module_id`, `module`.`nama_module`, `module`.`judul_module`, `module_permission`.`nama_permission`, `module_permission`.`judul_permission`, `module_permission`.`keterangan`, `module_permission`.`module_permission_id`
FROM `module_permission`
LEFT JOIN `module` ON `module_permission`.`module_id` = `module`.`module_id`
WHERE `module_permission`.`deleted_at` IS NULL
AND `module_permission`.`deleted_at` IS NULL
AND `module_permission`.`deleted_at` IS NULL
ORDER BY `module`.`nama_module` ASC
 LIMIT 10', [], false)
 2 APPPATH\Models\DataTableModel.php(209): CodeIgniter\Database\BaseBuilder->get()
 3 APPPATH\Controllers\Module_permission.php(67): App\Models\DataTableModel->getGenerateServerSide('module_permission', [...], [...], [...], [...], [], [], [], [], [], [], [], [], [], [], [...], false)
 4 SYSTEMPATH\CodeIgniter.php(942): App\Controllers\Module_permission->ajaxGetData()
 5 SYSTEMPATH\CodeIgniter.php(502): CodeIgniter\CodeIgniter->runController(Object(App\Controllers\Module_permission))
 6 SYSTEMPATH\CodeIgniter.php(361): CodeIgniter\CodeIgniter->handleRequest(null, Object(Config\Cache), false)
 7 FCPATH\index.php(79): CodeIgniter\CodeIgniter->run()
INFO - 2023-11-14 16:12:42 --> Session: Class initialized using 'CodeIgniter\Session\Handlers\FileHandler' driver.
ERROR - 2023-11-14 23:12:42 --> mysqli_sql_exception: Unknown column 'module.judul_module' in 'field list' in C:\xampp\htdocs\adminLTEv2\system\Database\MySQLi\Connection.php:306
Stack trace:
#0 C:\xampp\htdocs\adminLTEv2\system\Database\MySQLi\Connection.php(306): mysqli->query('SELECT `module`...', 0)
#1 C:\xampp\htdocs\adminLTEv2\system\Database\BaseConnection.php(693): CodeIgniter\Database\MySQLi\Connection->execute('SELECT `module`...')
#2 C:\xampp\htdocs\adminLTEv2\system\Database\BaseConnection.php(607): CodeIgniter\Database\BaseConnection->simpleQuery('SELECT `module`...')
#3 C:\xampp\htdocs\adminLTEv2\system\Database\BaseBuilder.php(1615): CodeIgniter\Database\BaseConnection->query('SELECT `module`...', Array, false)
#4 C:\xampp\htdocs\adminLTEv2\app\Models\DataTableModel.php(209): CodeIgniter\Database\BaseBuilder->get()
#5 C:\xampp\htdocs\adminLTEv2\app\Controllers\Module_permission.php(67): App\Models\DataTableModel->getGenerateServerSide('module_permissi...', Array, Array, Array, Array, Array, Array, Array, Array, Array, Array, Array, Array, Array, Array, Array, false)
#6 C:\xampp\htdocs\adminLTEv2\system\CodeIgniter.php(942): App\Controllers\Module_permission->ajaxGetData()
#7 C:\xampp\htdocs\adminLTEv2\system\CodeIgniter.php(502): CodeIgniter\CodeIgniter->runController(Object(App\Controllers\Module_permission))
#8 C:\xampp\htdocs\adminLTEv2\system\CodeIgniter.php(361): CodeIgniter\CodeIgniter->handleRequest(NULL, Object(Config\Cache), false)
#9 C:\xampp\htdocs\adminLTEv2\index.php(79): CodeIgniter\CodeIgniter->run()
#10 {main}
CRITICAL - 2023-11-14 23:12:42 --> Unknown column 'module.judul_module' in 'field list'
in SYSTEMPATH\Database\BaseConnection.php on line 647.
 1 SYSTEMPATH\Database\BaseBuilder.php(1615): CodeIgniter\Database\BaseConnection->query('SELECT `module`.`module_id`, `module`.`nama_module`, `module`.`judul_module`, `module_permission`.`nama_permission`, `module_permission`.`judul_permission`, `module_permission`.`keterangan`, `module_permission`.`module_permission_id`
FROM `module_permission`
LEFT JOIN `module` ON `module_permission`.`module_id` = `module`.`module_id`
WHERE `module_permission`.`deleted_at` IS NULL
AND `module_permission`.`deleted_at` IS NULL
AND `module_permission`.`deleted_at` IS NULL
ORDER BY `module`.`judul_module` ASC
 LIMIT 10', [], false)
 2 APPPATH\Models\DataTableModel.php(209): CodeIgniter\Database\BaseBuilder->get()
 3 APPPATH\Controllers\Module_permission.php(67): App\Models\DataTableModel->getGenerateServerSide('module_permission', [...], [], [...], [...], [], [], [], [], [], [], [], [], [], [], [...], false)
 4 SYSTEMPATH\CodeIgniter.php(942): App\Controllers\Module_permission->ajaxGetData()
 5 SYSTEMPATH\CodeIgniter.php(502): CodeIgniter\CodeIgniter->runController(Object(App\Controllers\Module_permission))
 6 SYSTEMPATH\CodeIgniter.php(361): CodeIgniter\CodeIgniter->handleRequest(null, Object(Config\Cache), false)
 7 FCPATH\index.php(79): CodeIgniter\CodeIgniter->run()
INFO - 2023-11-14 16:13:16 --> Session: Class initialized using 'CodeIgniter\Session\Handlers\FileHandler' driver.
INFO - 2023-11-14 16:13:17 --> Session: Class initialized using 'CodeIgniter\Session\Handlers\FileHandler' driver.
INFO - 2023-11-14 16:13:21 --> Session: Class initialized using 'CodeIgniter\Session\Handlers\FileHandler' driver.
INFO - 2023-11-14 16:13:22 --> Session: Class initialized using 'CodeIgniter\Session\Handlers\FileHandler' driver.
INFO - 2023-11-14 16:13:28 --> Session: Class initialized using 'CodeIgniter\Session\Handlers\FileHandler' driver.
INFO - 2023-11-14 16:13:28 --> Session: Class initialized using 'CodeIgniter\Session\Handlers\FileHandler' driver.
INFO - 2023-11-14 16:14:19 --> Session: Class initialized using 'CodeIgniter\Session\Handlers\FileHandler' driver.
INFO - 2023-11-14 16:14:20 --> Session: Class initialized using 'CodeIgniter\Session\Handlers\FileHandler' driver.
ERROR - 2023-11-14 23:14:20 --> mysqli_sql_exception: Unknown column 'module.keterangan' in 'field list' in C:\xampp\htdocs\adminLTEv2\system\Database\MySQLi\Connection.php:306
Stack trace:
#0 C:\xampp\htdocs\adminLTEv2\system\Database\MySQLi\Connection.php(306): mysqli->query('SELECT `module`...', 0)
#1 C:\xampp\htdocs\adminLTEv2\system\Database\BaseConnection.php(693): CodeIgniter\Database\MySQLi\Connection->execute('SELECT `module`...')
#2 C:\xampp\htdocs\adminLTEv2\system\Database\BaseConnection.php(607): CodeIgniter\Database\BaseConnection->simpleQuery('SELECT `module`...')
#3 C:\xampp\htdocs\adminLTEv2\system\Database\BaseBuilder.php(1615): CodeIgniter\Database\BaseConnection->query('SELECT `module`...', Array, false)
#4 C:\xampp\htdocs\adminLTEv2\app\Models\DataTableModel.php(209): CodeIgniter\Database\BaseBuilder->get()
#5 C:\xampp\htdocs\adminLTEv2\app\Controllers\Module.php(95): App\Models\DataTableModel->getGenerateServerSide('module', Array, Array, Array, Array, Array, Array, Array, Array, Array, Array, Array, Array, Array, Array, Array, false)
#6 C:\xampp\htdocs\adminLTEv2\system\CodeIgniter.php(942): App\Controllers\Module->ajaxGetData()
#7 C:\xampp\htdocs\adminLTEv2\system\CodeIgniter.php(502): CodeIgniter\CodeIgniter->runController(Object(App\Controllers\Module))
#8 C:\xampp\htdocs\adminLTEv2\system\CodeIgniter.php(361): CodeIgniter\CodeIgniter->handleRequest(NULL, Object(Config\Cache), false)
#9 C:\xampp\htdocs\adminLTEv2\index.php(79): CodeIgniter\CodeIgniter->run()
#10 {main}
CRITICAL - 2023-11-14 23:14:20 --> Unknown column 'module.keterangan' in 'field list'
in SYSTEMPATH\Database\BaseConnection.php on line 647.
 1 SYSTEMPATH\Database\BaseBuilder.php(1615): CodeIgniter\Database\BaseConnection->query('SELECT `module`.`nama_module`, `module`.`keterangan`, `module`.`module_id`
FROM `module`
WHERE `module`.`deleted_at` IS NULL
AND `module`.`deleted_at` IS NULL
AND `module`.`deleted_at` IS NULL
ORDER BY `module`.`nama_module` ASC
 LIMIT 10', [], false)
 2 APPPATH\Models\DataTableModel.php(209): CodeIgniter\Database\BaseBuilder->get()
 3 APPPATH\Controllers\Module.php(95): App\Models\DataTableModel->getGenerateServerSide('module', [...], [...], [...], [], [], [], [], [], [], [], [], [], [], [], [...], false)
 4 SYSTEMPATH\CodeIgniter.php(942): App\Controllers\Module->ajaxGetData()
 5 SYSTEMPATH\CodeIgniter.php(502): CodeIgniter\CodeIgniter->runController(Object(App\Controllers\Module))
 6 SYSTEMPATH\CodeIgniter.php(361): CodeIgniter\CodeIgniter->handleRequest(null, Object(Config\Cache), false)
 7 FCPATH\index.php(79): CodeIgniter\CodeIgniter->run()
INFO - 2023-11-14 16:15:04 --> Session: Class initialized using 'CodeIgniter\Session\Handlers\FileHandler' driver.
CRITICAL - 2023-11-14 23:15:04 --> Class "App\Models\ModuleModel" not found
in APPPATH\Controllers\Module.php on line 14.
 1 SYSTEMPATH\CodeIgniter.php(914): App\Controllers\Module->__construct()
 2 SYSTEMPATH\CodeIgniter.php(493): CodeIgniter\CodeIgniter->createController()
 3 SYSTEMPATH\CodeIgniter.php(361): CodeIgniter\CodeIgniter->handleRequest(null, Object(Config\Cache), false)
 4 FCPATH\index.php(79): CodeIgniter\CodeIgniter->run()
INFO - 2023-11-14 16:15:13 --> Session: Class initialized using 'CodeIgniter\Session\Handlers\FileHandler' driver.
INFO - 2023-11-14 16:15:14 --> Session: Class initialized using 'CodeIgniter\Session\Handlers\FileHandler' driver.
INFO - 2023-11-14 16:16:20 --> Session: Class initialized using 'CodeIgniter\Session\Handlers\FileHandler' driver.
INFO - 2023-11-14 16:16:21 --> Session: Class initialized using 'CodeIgniter\Session\Handlers\FileHandler' driver.
INFO - 2023-11-14 16:16:58 --> Session: Class initialized using 'CodeIgniter\Session\Handlers\FileHandler' driver.
INFO - 2023-11-14 16:17:38 --> Session: Class initialized using 'CodeIgniter\Session\Handlers\FileHandler' driver.
INFO - 2023-11-14 16:17:39 --> Session: Class initialized using 'CodeIgniter\Session\Handlers\FileHandler' driver.
ERROR - 2023-11-14 23:17:39 --> mysqli_sql_exception: Unknown column 'module.keterangan' in 'field list' in C:\xampp\htdocs\adminLTEv2\system\Database\MySQLi\Connection.php:306
Stack trace:
#0 C:\xampp\htdocs\adminLTEv2\system\Database\MySQLi\Connection.php(306): mysqli->query('SELECT `module`...', 0)
#1 C:\xampp\htdocs\adminLTEv2\system\Database\BaseConnection.php(693): CodeIgniter\Database\MySQLi\Connection->execute('SELECT `module`...')
#2 C:\xampp\htdocs\adminLTEv2\system\Database\BaseConnection.php(607): CodeIgniter\Database\BaseConnection->simpleQuery('SELECT `module`...')
#3 C:\xampp\htdocs\adminLTEv2\system\Database\BaseBuilder.php(1615): CodeIgniter\Database\BaseConnection->query('SELECT `module`...', Array, false)
#4 C:\xampp\htdocs\adminLTEv2\app\Models\DataTableModel.php(209): CodeIgniter\Database\BaseBuilder->get()
#5 C:\xampp\htdocs\adminLTEv2\app\Controllers\Module.php(95): App\Models\DataTableModel->getGenerateServerSide('module', Array, Array, Array, Array, Array, Array, Array, Array, Array, Array, Array, Array, Array, Array, Array, false)
#6 C:\xampp\htdocs\adminLTEv2\system\CodeIgniter.php(942): App\Controllers\Module->ajaxGetData()
#7 C:\xampp\htdocs\adminLTEv2\system\CodeIgniter.php(502): CodeIgniter\CodeIgniter->runController(Object(App\Controllers\Module))
#8 C:\xampp\htdocs\adminLTEv2\system\CodeIgniter.php(361): CodeIgniter\CodeIgniter->handleRequest(NULL, Object(Config\Cache), false)
#9 C:\xampp\htdocs\adminLTEv2\index.php(79): CodeIgniter\CodeIgniter->run()
#10 {main}
CRITICAL - 2023-11-14 23:17:39 --> Unknown column 'module.keterangan' in 'field list'
in SYSTEMPATH\Database\BaseConnection.php on line 647.
 1 SYSTEMPATH\Database\BaseBuilder.php(1615): CodeIgniter\Database\BaseConnection->query('SELECT `module`.`nama_module`, `module`.`keterangan`, `module`.`module_id`
FROM `module`
WHERE `module`.`deleted_at` IS NULL
AND `module`.`deleted_at` IS NULL
AND `module`.`deleted_at` IS NULL
ORDER BY `module`.`nama_module` ASC
 LIMIT 10', [], false)
 2 APPPATH\Models\DataTableModel.php(209): CodeIgniter\Database\BaseBuilder->get()
 3 APPPATH\Controllers\Module.php(95): App\Models\DataTableModel->getGenerateServerSide('module', [...], [...], [...], [], [], [], [], [], [], [], [], [], [], [], [...], false)
 4 SYSTEMPATH\CodeIgniter.php(942): App\Controllers\Module->ajaxGetData()
 5 SYSTEMPATH\CodeIgniter.php(502): CodeIgniter\CodeIgniter->runController(Object(App\Controllers\Module))
 6 SYSTEMPATH\CodeIgniter.php(361): CodeIgniter\CodeIgniter->handleRequest(null, Object(Config\Cache), false)
 7 FCPATH\index.php(79): CodeIgniter\CodeIgniter->run()
INFO - 2023-11-14 16:17:47 --> Session: Class initialized using 'CodeIgniter\Session\Handlers\FileHandler' driver.
ERROR - 2023-11-14 23:17:47 --> mysqli_sql_exception: Unknown column 'module.keterangan' in 'field list' in C:\xampp\htdocs\adminLTEv2\system\Database\MySQLi\Connection.php:306
Stack trace:
#0 C:\xampp\htdocs\adminLTEv2\system\Database\MySQLi\Connection.php(306): mysqli->query('SELECT `module`...', 0)
#1 C:\xampp\htdocs\adminLTEv2\system\Database\BaseConnection.php(693): CodeIgniter\Database\MySQLi\Connection->execute('SELECT `module`...')
#2 C:\xampp\htdocs\adminLTEv2\system\Database\BaseConnection.php(607): CodeIgniter\Database\BaseConnection->simpleQuery('SELECT `module`...')
#3 C:\xampp\htdocs\adminLTEv2\system\Database\BaseBuilder.php(1615): CodeIgniter\Database\BaseConnection->query('SELECT `module`...', Array, false)
#4 C:\xampp\htdocs\adminLTEv2\app\Models\DataTableModel.php(209): CodeIgniter\Database\BaseBuilder->get()
#5 C:\xampp\htdocs\adminLTEv2\app\Controllers\Module.php(95): App\Models\DataTableModel->getGenerateServerSide('module', Array, Array, Array, Array, Array, Array, Array, Array, Array, Array, Array, Array, Array, Array, Array, false)
#6 C:\xampp\htdocs\adminLTEv2\system\CodeIgniter.php(942): App\Controllers\Module->ajaxGetData()
#7 C:\xampp\htdocs\adminLTEv2\system\CodeIgniter.php(502): CodeIgniter\CodeIgniter->runController(Object(App\Controllers\Module))
#8 C:\xampp\htdocs\adminLTEv2\system\CodeIgniter.php(361): CodeIgniter\CodeIgniter->handleRequest(NULL, Object(Config\Cache), false)
#9 C:\xampp\htdocs\adminLTEv2\index.php(79): CodeIgniter\CodeIgniter->run()
#10 {main}
CRITICAL - 2023-11-14 23:17:47 --> Unknown column 'module.keterangan' in 'field list'
in SYSTEMPATH\Database\BaseConnection.php on line 647.
 1 SYSTEMPATH\Database\BaseBuilder.php(1615): CodeIgniter\Database\BaseConnection->query('SELECT `module`.`nama_module`, `module`.`keterangan`, `module`.`module_id`
FROM `module`
WHERE `module`.`deleted_at` IS NULL
AND `module`.`deleted_at` IS NULL
AND `module`.`deleted_at` IS NULL
ORDER BY `module`.`module_id` ASC
 LIMIT 10', [], false)
 2 APPPATH\Models\DataTableModel.php(209): CodeIgniter\Database\BaseBuilder->get()
 3 APPPATH\Controllers\Module.php(95): App\Models\DataTableModel->getGenerateServerSide('module', [...], [], [...], [], [], [], [], [], [], [], [], [], [], [], [...], false)
 4 SYSTEMPATH\CodeIgniter.php(942): App\Controllers\Module->ajaxGetData()
 5 SYSTEMPATH\CodeIgniter.php(502): CodeIgniter\CodeIgniter->runController(Object(App\Controllers\Module))
 6 SYSTEMPATH\CodeIgniter.php(361): CodeIgniter\CodeIgniter->handleRequest(null, Object(Config\Cache), false)
 7 FCPATH\index.php(79): CodeIgniter\CodeIgniter->run()
INFO - 2023-11-14 16:19:09 --> Session: Class initialized using 'CodeIgniter\Session\Handlers\FileHandler' driver.
INFO - 2023-11-14 16:19:09 --> Session: Class initialized using 'CodeIgniter\Session\Handlers\FileHandler' driver.
INFO - 2023-11-14 16:19:12 --> Session: Class initialized using 'CodeIgniter\Session\Handlers\FileHandler' driver.
INFO - 2023-11-14 16:19:19 --> Session: Class initialized using 'CodeIgniter\Session\Handlers\FileHandler' driver.
INFO - 2023-11-14 16:19:19 --> Session: Class initialized using 'CodeIgniter\Session\Handlers\FileHandler' driver.
INFO - 2023-11-14 16:19:56 --> Session: Class initialized using 'CodeIgniter\Session\Handlers\FileHandler' driver.
INFO - 2023-11-14 16:19:57 --> Session: Class initialized using 'CodeIgniter\Session\Handlers\FileHandler' driver.
